#
# There is insufficient memory for the Java Runtime Environment to continue.
# Native memory allocation (malloc) failed to allocate 1081136 bytes for Chunk::new
# Possible reasons:
#   The system is out of physical RAM or swap space
#   The process is running with CompressedOops enabled, and the Java Heap may be blocking the growth of the native heap
# Possible solutions:
#   Reduce memory load on the system
#   Increase physical memory or swap space
#   Check if swap backing store is full
#   Decrease Java heap size (-Xmx/-Xms)
#   Decrease number of Java threads
#   Decrease Java thread stack sizes (-Xss)
#   Set larger code cache with -XX:ReservedCodeCacheSize=
#   JVM is running with Unscaled Compressed Oops mode in which the Java heap is
#     placed in the first 4GB address space. The Java Heap base address is the
#     maximum limit for the native heap growth. Please use -XX:HeapBaseMinAddress
#     to set the Java Heap base and to place the Java Heap above 4GB virtual address.
# This output file may be truncated or incomplete.
#
#  Out of Memory Error (./src/hotspot/share/memory/arena.cpp:197), pid=16332, tid=16096
#
# JRE version: OpenJDK Runtime Environment (11.0.11+9) (build 11.0.11+9-b60-7590822)
# Java VM: OpenJDK 64-Bit Server VM (11.0.11+9-b60-7590822, mixed mode, tiered, compressed oops, g1 gc, windows-amd64)
# No core dump will be written. Minidumps are not enabled by default on client versions of Windows
#

---------------  S U M M A R Y ------------

Command Line: --add-opens=java.base/java.util=ALL-UNNAMED --add-opens=java.base/java.lang=ALL-UNNAMED --add-opens=java.base/java.lang.invoke=ALL-UNNAMED --add-opens=java.base/java.util=ALL-UNNAMED --add-opens=java.prefs/java.util.prefs=ALL-UNNAMED --add-opens=java.prefs/java.util.prefs=ALL-UNNAMED --add-opens=java.base/java.nio.charset=ALL-UNNAMED --add-opens=java.base/java.net=ALL-UNNAMED --add-opens=java.base/java.util.concurrent.atomic=ALL-UNNAMED -Xmx2048m -Dfile.encoding=UTF-8 -Duser.country=RU -Duser.language=ru -Duser.variant org.gradle.launcher.daemon.bootstrap.GradleDaemon 7.2

Host: AMD Ryzen 5 4500U with Radeon Graphics         , 6 cores, 13G,  Windows 10 , 64 bit Build 19041 (10.0.19041.1741)
Time: Tue Jun 21 19:56:57 2022 RTZ 2 (зима) elapsed time: 10.284159 seconds (0d 0h 0m 10s)

---------------  T H R E A D  ---------------

Current thread (0x0000018653c8e000):  JavaThread "C2 CompilerThread0" daemon [_thread_in_native, id=16096, stack(0x00000047d4800000,0x00000047d4900000)]


Current CompileTask:
C2:  10284 6395 %     4       org.gradle.internal.instantiation.generator.AbstractClassGenerator::inspectType @ 77 (560 bytes)

Stack: [0x00000047d4800000,0x00000047d4900000]
Native frames: (J=compiled Java code, j=interpreted, Vv=VM code, C=native code)
V  [jvm.dll+0x5f214a]
V  [jvm.dll+0x726fb5]
V  [jvm.dll+0x7285cd]
V  [jvm.dll+0x728c83]
V  [jvm.dll+0x243278]
V  [jvm.dll+0xbc53c]
V  [jvm.dll+0xbca3c]
V  [jvm.dll+0x2b5c34]
V  [jvm.dll+0x508488]
V  [jvm.dll+0x1fd826]
V  [jvm.dll+0x1fb35f]
V  [jvm.dll+0x183d6c]
V  [jvm.dll+0x209a57]
V  [jvm.dll+0x2082a1]
V  [jvm.dll+0x6ef58f]
V  [jvm.dll+0x6e80b5]
V  [jvm.dll+0x5f1036]
C  [ucrtbase.dll+0x21bb2]
C  [KERNEL32.DLL+0x17034]
C  [ntdll.dll+0x52651]


---------------  P R O C E S S  ---------------

Threads class SMR info:
_java_thread_list=0x00000186544f1610, length=101, elements={
0x000001863740d800, 0x0000018653444800, 0x0000018653435000, 0x0000018653c88000,
0x0000018653c89000, 0x0000018653c8a800, 0x0000018653c8e000, 0x0000018653cd2800,
0x0000018653cd4000, 0x0000018653e36000, 0x0000018655611800, 0x0000018653f22000,
0x000001865741b000, 0x000001865616f000, 0x0000018654e81800, 0x0000018656625800,
0x00000186557cf800, 0x0000018656add800, 0x0000018655944800, 0x0000018656871000,
0x000001865686e800, 0x000001865686b800, 0x000001865686c000, 0x000001865686f800,
0x000001865686d000, 0x000001865686d800, 0x0000018656870000, 0x0000018656872000,
0x0000018657dc4000, 0x0000018657dbe000, 0x0000018657dc3000, 0x0000018657dc1800,
0x0000018657dbf000, 0x0000018657dc5800, 0x0000018657dc0000, 0x0000018657dcc000,
0x0000018657dc9800, 0x0000018657dca800, 0x0000018657dc6800, 0x0000018657dcd000,
0x0000018657dc9000, 0x0000018657dcb800, 0x0000018657dc7000, 0x0000018657dc8000,
0x0000018657f1a000, 0x0000018657f1b000, 0x0000018657f19000, 0x0000018657f1b800,
0x0000018657f1c800, 0x0000018657f1d000, 0x0000018657f17800, 0x0000018657f1e000,
0x0000018657f18800, 0x0000018657f24800, 0x0000018657f22000, 0x0000018657f20800,
0x0000018657f23000, 0x0000018657f23800, 0x0000018657f1f000, 0x0000018657f1f800,
0x0000018657f25800, 0x0000018657f21800, 0x0000018657f26000, 0x0000018659b72000,
0x0000018659b74800, 0x0000018659b70800, 0x0000018659b73000, 0x0000018659b76000,
0x0000018659b71000, 0x0000018659b78800, 0x0000018659b77800, 0x0000018659b75800,
0x0000018659b79800, 0x0000018659b77000, 0x0000018659b73800, 0x0000018659b7e800,
0x0000018659b7c800, 0x0000018659b7c000, 0x0000018659b7a000, 0x0000018659b7b000,
0x0000018659b7f000, 0x0000018659b7d800, 0x0000018659c63000, 0x0000018659c62000,
0x0000018659c60800, 0x0000018659c61000, 0x0000018659c63800, 0x0000018659c64800,
0x0000018659c65000, 0x0000018659c5f800, 0x0000018659c68800, 0x0000018659c67000,
0x0000018659c69800, 0x0000018659c66000, 0x0000018659c6a000, 0x0000018659c6b000,
0x0000018659c6c000, 0x0000018659c6c800, 0x0000018659c67800, 0x0000018659632800,
0x0000018659c6d800
}

Java Threads: ( => current thread )
  0x000001863740d800 JavaThread "main" [_thread_blocked, id=5660, stack(0x00000047d3c00000,0x00000047d3d00000)]
  0x0000018653444800 JavaThread "Reference Handler" daemon [_thread_blocked, id=4048, stack(0x00000047d4300000,0x00000047d4400000)]
  0x0000018653435000 JavaThread "Finalizer" daemon [_thread_blocked, id=14080, stack(0x00000047d4400000,0x00000047d4500000)]
  0x0000018653c88000 JavaThread "Signal Dispatcher" daemon [_thread_blocked, id=15568, stack(0x00000047d4500000,0x00000047d4600000)]
  0x0000018653c89000 JavaThread "Attach Listener" daemon [_thread_blocked, id=13648, stack(0x00000047d4600000,0x00000047d4700000)]
  0x0000018653c8a800 JavaThread "Service Thread" daemon [_thread_blocked, id=4628, stack(0x00000047d4700000,0x00000047d4800000)]
=>0x0000018653c8e000 JavaThread "C2 CompilerThread0" daemon [_thread_in_native, id=16096, stack(0x00000047d4800000,0x00000047d4900000)]
  0x0000018653cd2800 JavaThread "C1 CompilerThread0" daemon [_thread_blocked, id=14588, stack(0x00000047d4900000,0x00000047d4a00000)]
  0x0000018653cd4000 JavaThread "Sweeper thread" daemon [_thread_blocked, id=5284, stack(0x00000047d4a00000,0x00000047d4b00000)]
  0x0000018653e36000 JavaThread "Common-Cleaner" daemon [_thread_blocked, id=8972, stack(0x00000047d4b00000,0x00000047d4c00000)]
  0x0000018655611800 JavaThread "Daemon health stats" [_thread_blocked, id=6592, stack(0x00000047d5200000,0x00000047d5300000)]
  0x0000018653f22000 JavaThread "Incoming local TCP Connector on port 54329" [_thread_in_native, id=10748, stack(0x00000047d4d00000,0x00000047d4e00000)]
  0x000001865741b000 JavaThread "Daemon periodic checks" [_thread_blocked, id=6388, stack(0x00000047d5300000,0x00000047d5400000)]
  0x000001865616f000 JavaThread "Daemon" [_thread_blocked, id=15688, stack(0x00000047d5400000,0x00000047d5500000)]
  0x0000018654e81800 JavaThread "Handler for socket connection from /127.0.0.1:54329 to /127.0.0.1:54330" [_thread_in_native, id=3424, stack(0x00000047d5500000,0x00000047d5600000)]
  0x0000018656625800 JavaThread "Cancel handler" [_thread_blocked, id=14976, stack(0x00000047d5600000,0x00000047d5700000)]
  0x00000186557cf800 JavaThread "Daemon worker" [_thread_in_native, id=7488, stack(0x00000047d5700000,0x00000047d5800000)]
  0x0000018656add800 JavaThread "Asynchronous log dispatcher for DefaultDaemonConnection: socket connection from /127.0.0.1:54329 to /127.0.0.1:54330" [_thread_blocked, id=12920, stack(0x00000047d5800000,0x00000047d5900000)]
  0x0000018655944800 JavaThread "Stdin handler" [_thread_blocked, id=14208, stack(0x00000047d5900000,0x00000047d5a00000)]
  0x0000018656871000 JavaThread "Daemon client event forwarder" [_thread_blocked, id=5796, stack(0x00000047d5a00000,0x00000047d5b00000)]
  0x000001865686e800 JavaThread "Cache worker for journal cache (C:\Users\0804s\.gradle\caches\journal-1)" [_thread_blocked, id=7000, stack(0x00000047d5b00000,0x00000047d5c00000)]
  0x000001865686b800 JavaThread "File lock request listener" [_thread_in_native, id=5616, stack(0x00000047d5c00000,0x00000047d5d00000)]
  0x000001865686c000 JavaThread "Cache worker for file hash cache (C:\Users\0804s\.gradle\caches\7.2\fileHashes)" [_thread_blocked, id=7164, stack(0x00000047d5d00000,0x00000047d5e00000)]
  0x000001865686f800 JavaThread "Cache worker for file hash cache (D:\Poject_ALL\Project android\Retrofitdemo\.gradle\7.2\fileHashes)" [_thread_blocked, id=9572, stack(0x00000047d6100000,0x00000047d6200000)]
  0x000001865686d000 JavaThread "File watcher server" daemon [_thread_in_native, id=3048, stack(0x00000047d6200000,0x00000047d6300000)]
  0x000001865686d800 JavaThread "File watcher consumer" daemon [_thread_blocked, id=5992, stack(0x00000047d6300000,0x00000047d6400000)]
  0x0000018656870000 JavaThread "Cache worker for checksums cache (D:\Poject_ALL\Project android\Retrofitdemo\.gradle\checksums)" [_thread_blocked, id=12876, stack(0x00000047d6400000,0x00000047d6500000)]
  0x0000018656872000 JavaThread "Cache worker for cache directory md-supplier (C:\Users\0804s\.gradle\caches\7.2\md-supplier)" [_thread_blocked, id=12704, stack(0x00000047d6000000,0x00000047d6100000)]
  0x0000018657dc4000 JavaThread "Cache worker for cache directory md-rule (C:\Users\0804s\.gradle\caches\7.2\md-rule)" [_thread_blocked, id=1820, stack(0x00000047d6600000,0x00000047d6700000)]
  0x0000018657dbe000 JavaThread "Cache worker for execution history cache (C:\Users\0804s\.gradle\caches\7.2\executionHistory)" [_thread_blocked, id=9708, stack(0x00000047d6700000,0x00000047d6800000)]
  0x0000018657dc3000 JavaThread "jar transforms" [_thread_blocked, id=15032, stack(0x00000047d6800000,0x00000047d6900000)]
  0x0000018657dc1800 JavaThread "Cache worker for file content cache (C:\Users\0804s\.gradle\caches\7.2\fileContent)" [_thread_blocked, id=11016, stack(0x00000047d6900000,0x00000047d6a00000)]
  0x0000018657dbf000 JavaThread "jar transforms Thread 2" [_thread_blocked, id=16000, stack(0x00000047d6a00000,0x00000047d6b00000)]
  0x0000018657dc5800 JavaThread "Cache worker for dependencies-accessors (D:\Poject_ALL\Project android\Retrofitdemo\.gradle\7.2\dependencies-accessors)" [_thread_blocked, id=7340, stack(0x00000047d6b00000,0x00000047d6c00000)]
  0x0000018657dc0000 JavaThread "jar transforms Thread 3" [_thread_blocked, id=16352, stack(0x00000047d6c00000,0x00000047d6d00000)]
  0x0000018657dcc000 JavaThread "Cache worker for Build Output Cleanup Cache (D:\Poject_ALL\Project android\Retrofitdemo\.gradle\buildOutputCleanup)" [_thread_blocked, id=8444, stack(0x00000047d6d00000,0x00000047d6e00000)]
  0x0000018657dc9800 JavaThread "Unconstrained build operations" [_thread_blocked, id=3392, stack(0x00000047d6e00000,0x00000047d6f00000)]
  0x0000018657dca800 JavaThread "Unconstrained build operations Thread 2" [_thread_blocked, id=4080, stack(0x00000047d6f00000,0x00000047d7000000)]
  0x0000018657dc6800 JavaThread "Unconstrained build operations Thread 3" [_thread_blocked, id=3524, stack(0x00000047d7000000,0x00000047d7100000)]
  0x0000018657dcd000 JavaThread "Unconstrained build operations Thread 4" [_thread_blocked, id=15492, stack(0x00000047d7100000,0x00000047d7200000)]
  0x0000018657dc9000 JavaThread "Unconstrained build operations Thread 5" [_thread_blocked, id=6684, stack(0x00000047d7200000,0x00000047d7300000)]
  0x0000018657dcb800 JavaThread "Unconstrained build operations Thread 6" [_thread_blocked, id=2052, stack(0x00000047d7300000,0x00000047d7400000)]
  0x0000018657dc7000 JavaThread "Unconstrained build operations Thread 7" [_thread_blocked, id=6420, stack(0x00000047d7400000,0x00000047d7500000)]
  0x0000018657dc8000 JavaThread "Unconstrained build operations Thread 8" [_thread_blocked, id=3220, stack(0x00000047d7500000,0x00000047d7600000)]
  0x0000018657f1a000 JavaThread "Unconstrained build operations Thread 9" [_thread_blocked, id=15036, stack(0x00000047d7600000,0x00000047d7700000)]
  0x0000018657f1b000 JavaThread "Unconstrained build operations Thread 10" [_thread_blocked, id=15216, stack(0x00000047d7700000,0x00000047d7800000)]
  0x0000018657f19000 JavaThread "Unconstrained build operations Thread 11" [_thread_blocked, id=15940, stack(0x00000047d7800000,0x00000047d7900000)]
  0x0000018657f1b800 JavaThread "Unconstrained build operations Thread 12" [_thread_blocked, id=4284, stack(0x00000047d7900000,0x00000047d7a00000)]
  0x0000018657f1c800 JavaThread "Unconstrained build operations Thread 13" [_thread_blocked, id=3136, stack(0x00000047d7a00000,0x00000047d7b00000)]
  0x0000018657f1d000 JavaThread "Unconstrained build operations Thread 14" [_thread_blocked, id=3732, stack(0x00000047d7b00000,0x00000047d7c00000)]
  0x0000018657f17800 JavaThread "Unconstrained build operations Thread 15" [_thread_blocked, id=15564, stack(0x00000047d7c00000,0x00000047d7d00000)]
  0x0000018657f1e000 JavaThread "Unconstrained build operations Thread 16" [_thread_blocked, id=12108, stack(0x00000047d7d00000,0x00000047d7e00000)]
  0x0000018657f18800 JavaThread "Unconstrained build operations Thread 17" [_thread_blocked, id=1628, stack(0x00000047d7e00000,0x00000047d7f00000)]
  0x0000018657f24800 JavaThread "Unconstrained build operations Thread 18" [_thread_blocked, id=16388, stack(0x00000047d7f00000,0x00000047d8000000)]
  0x0000018657f22000 JavaThread "Unconstrained build operations Thread 19" [_thread_blocked, id=16392, stack(0x00000047d8000000,0x00000047d8100000)]
  0x0000018657f20800 JavaThread "Unconstrained build operations Thread 20" [_thread_blocked, id=16396, stack(0x00000047d8100000,0x00000047d8200000)]
  0x0000018657f23000 JavaThread "Unconstrained build operations Thread 21" [_thread_blocked, id=16400, stack(0x00000047d8200000,0x00000047d8300000)]
  0x0000018657f23800 JavaThread "Unconstrained build operations Thread 22" [_thread_blocked, id=16408, stack(0x00000047d8300000,0x00000047d8400000)]
  0x0000018657f1f000 JavaThread "Unconstrained build operations Thread 23" [_thread_blocked, id=16412, stack(0x00000047d8400000,0x00000047d8500000)]
  0x0000018657f1f800 JavaThread "Unconstrained build operations Thread 24" [_thread_blocked, id=16416, stack(0x00000047d8500000,0x00000047d8600000)]
  0x0000018657f25800 JavaThread "Unconstrained build operations Thread 25" [_thread_blocked, id=16420, stack(0x00000047d8600000,0x00000047d8700000)]
  0x0000018657f21800 JavaThread "Unconstrained build operations Thread 26" [_thread_blocked, id=16424, stack(0x00000047d8700000,0x00000047d8800000)]
  0x0000018657f26000 JavaThread "Unconstrained build operations Thread 27" [_thread_blocked, id=16428, stack(0x00000047d8800000,0x00000047d8900000)]
  0x0000018659b72000 JavaThread "Unconstrained build operations Thread 28" [_thread_blocked, id=16432, stack(0x00000047d8900000,0x00000047d8a00000)]
  0x0000018659b74800 JavaThread "Unconstrained build operations Thread 29" [_thread_blocked, id=16436, stack(0x00000047d8a00000,0x00000047d8b00000)]
  0x0000018659b70800 JavaThread "Unconstrained build operations Thread 30" [_thread_blocked, id=16440, stack(0x00000047d8b00000,0x00000047d8c00000)]
  0x0000018659b73000 JavaThread "Unconstrained build operations Thread 31" [_thread_blocked, id=16444, stack(0x00000047d8c00000,0x00000047d8d00000)]
  0x0000018659b76000 JavaThread "Unconstrained build operations Thread 32" [_thread_blocked, id=16448, stack(0x00000047d8d00000,0x00000047d8e00000)]
  0x0000018659b71000 JavaThread "Unconstrained build operations Thread 33" [_thread_blocked, id=16452, stack(0x00000047d8e00000,0x00000047d8f00000)]
  0x0000018659b78800 JavaThread "Unconstrained build operations Thread 34" [_thread_blocked, id=16456, stack(0x00000047d8f00000,0x00000047d9000000)]
  0x0000018659b77800 JavaThread "Unconstrained build operations Thread 35" [_thread_blocked, id=16460, stack(0x00000047d9000000,0x00000047d9100000)]
  0x0000018659b75800 JavaThread "Unconstrained build operations Thread 36" [_thread_blocked, id=16464, stack(0x00000047d9100000,0x00000047d9200000)]
  0x0000018659b79800 JavaThread "Unconstrained build operations Thread 37" [_thread_blocked, id=16468, stack(0x00000047d9200000,0x00000047d9300000)]
  0x0000018659b77000 JavaThread "Unconstrained build operations Thread 38" [_thread_blocked, id=16472, stack(0x00000047d9300000,0x00000047d9400000)]
  0x0000018659b73800 JavaThread "Unconstrained build operations Thread 39" [_thread_blocked, id=16476, stack(0x00000047d9400000,0x00000047d9500000)]
  0x0000018659b7e800 JavaThread "Unconstrained build operations Thread 40" [_thread_blocked, id=16480, stack(0x00000047d9500000,0x00000047d9600000)]
  0x0000018659b7c800 JavaThread "Unconstrained build operations Thread 41" [_thread_blocked, id=16484, stack(0x00000047d9600000,0x00000047d9700000)]
  0x0000018659b7c000 JavaThread "Unconstrained build operations Thread 42" [_thread_blocked, id=16488, stack(0x00000047d9700000,0x00000047d9800000)]
  0x0000018659b7a000 JavaThread "Unconstrained build operations Thread 43" [_thread_blocked, id=16492, stack(0x00000047d9800000,0x00000047d9900000)]
  0x0000018659b7b000 JavaThread "Unconstrained build operations Thread 44" [_thread_blocked, id=16496, stack(0x00000047d9900000,0x00000047d9a00000)]
  0x0000018659b7f000 JavaThread "Unconstrained build operations Thread 45" [_thread_blocked, id=16500, stack(0x00000047d9a00000,0x00000047d9b00000)]
  0x0000018659b7d800 JavaThread "Unconstrained build operations Thread 46" [_thread_blocked, id=16504, stack(0x00000047d9b00000,0x00000047d9c00000)]
  0x0000018659c63000 JavaThread "Unconstrained build operations Thread 47" [_thread_blocked, id=16508, stack(0x00000047d9c00000,0x00000047d9d00000)]
  0x0000018659c62000 JavaThread "Unconstrained build operations Thread 48" [_thread_blocked, id=16512, stack(0x00000047d9d00000,0x00000047d9e00000)]
  0x0000018659c60800 JavaThread "Unconstrained build operations Thread 49" [_thread_blocked, id=16516, stack(0x00000047d9e00000,0x00000047d9f00000)]
  0x0000018659c61000 JavaThread "Unconstrained build operations Thread 50" [_thread_blocked, id=16524, stack(0x00000047d9f00000,0x00000047da000000)]
  0x0000018659c63800 JavaThread "Unconstrained build operations Thread 51" [_thread_blocked, id=16528, stack(0x00000047da000000,0x00000047da100000)]
  0x0000018659c64800 JavaThread "Unconstrained build operations Thread 52" [_thread_blocked, id=16532, stack(0x00000047da100000,0x00000047da200000)]
  0x0000018659c65000 JavaThread "Unconstrained build operations Thread 53" [_thread_blocked, id=16536, stack(0x00000047da200000,0x00000047da300000)]
  0x0000018659c5f800 JavaThread "Unconstrained build operations Thread 54" [_thread_blocked, id=16540, stack(0x00000047da300000,0x00000047da400000)]
  0x0000018659c68800 JavaThread "Unconstrained build operations Thread 55" [_thread_blocked, id=16544, stack(0x00000047da400000,0x00000047da500000)]
  0x0000018659c67000 JavaThread "Unconstrained build operations Thread 56" [_thread_blocked, id=16548, stack(0x00000047da500000,0x00000047da600000)]
  0x0000018659c69800 JavaThread "Unconstrained build operations Thread 57" [_thread_blocked, id=16552, stack(0x00000047da600000,0x00000047da700000)]
  0x0000018659c66000 JavaThread "Unconstrained build operations Thread 58" [_thread_blocked, id=16560, stack(0x00000047da700000,0x00000047da800000)]
  0x0000018659c6a000 JavaThread "Unconstrained build operations Thread 59" [_thread_blocked, id=16564, stack(0x00000047da800000,0x00000047da900000)]
  0x0000018659c6b000 JavaThread "Unconstrained build operations Thread 60" [_thread_blocked, id=16568, stack(0x00000047da900000,0x00000047daa00000)]
  0x0000018659c6c000 JavaThread "jar transforms Thread 4" [_thread_blocked, id=16588, stack(0x00000047daa00000,0x00000047dab00000)]
  0x0000018659c6c800 JavaThread "jar transforms Thread 5" [_thread_blocked, id=16592, stack(0x00000047dab00000,0x00000047dac00000)]
  0x0000018659c67800 JavaThread "jar transforms Thread 6" [_thread_blocked, id=16596, stack(0x00000047dac00000,0x00000047dad00000)]
  0x0000018659632800 JavaThread "C2 CompilerThread1" daemon [_thread_in_native, id=16696, stack(0x00000047d6500000,0x00000047d6600000)]
  0x0000018659c6d800 JavaThread "Memory manager" [_thread_blocked, id=16764, stack(0x00000047dad00000,0x00000047dae00000)]

Other Threads:
  0x0000018653c73800 VMThread "VM Thread" [stack: 0x00000047d4200000,0x00000047d4300000] [id=11776]
  0x0000018653e3f800 WatcherThread [stack: 0x00000047d4c00000,0x00000047d4d00000] [id=5600]
  0x00000186393f4800 GCTaskThread "GC Thread#0" [stack: 0x00000047d3d00000,0x00000047d3e00000] [id=10864]
  0x0000018654957000 GCTaskThread "GC Thread#1" [stack: 0x00000047d4e00000,0x00000047d4f00000] [id=4532]
  0x0000018654a9c800 GCTaskThread "GC Thread#2" [stack: 0x00000047d4f00000,0x00000047d5000000] [id=4704]
  0x00000186548c7000 GCTaskThread "GC Thread#3" [stack: 0x00000047d5000000,0x00000047d5100000] [id=5932]
  0x00000186543ff800 GCTaskThread "GC Thread#4" [stack: 0x00000047d5100000,0x00000047d5200000] [id=13440]
  0x0000018656b6d800 GCTaskThread "GC Thread#5" [stack: 0x00000047d5e00000,0x00000047d5f00000] [id=14456]
  0x0000018639426000 ConcurrentGCThread "G1 Main Marker" [stack: 0x00000047d3e00000,0x00000047d3f00000] [id=9968]
  0x0000018639428800 ConcurrentGCThread "G1 Conc#0" [stack: 0x00000047d3f00000,0x00000047d4000000] [id=14628]
  0x00000186553e0000 ConcurrentGCThread "G1 Conc#1" [stack: 0x00000047d5f00000,0x00000047d6000000] [id=4644]
  0x00000186394be000 ConcurrentGCThread "G1 Refine#0" [stack: 0x00000047d4000000,0x00000047d4100000] [id=9448]
  0x00000186532a6800 ConcurrentGCThread "G1 Young RemSet Sampling" [stack: 0x00000047d4100000,0x00000047d4200000] [id=5976]

Threads with active compile tasks:
C2 CompilerThread0  10306 6395 %     4       org.gradle.internal.instantiation.generator.AbstractClassGenerator::inspectType @ 77 (560 bytes)
C2 CompilerThread1  10306 6484       4       com.google.gson.stream.JsonReader::nextNonWhitespace (357 bytes)

VM state:not at safepoint (normal execution)

VM Mutex/Monitor currently owned by a thread:  ([mutex/lock_event])
[0x00000186393d5f00] CodeCache_lock - owner thread: 0x0000018659632800
[0x00000186393d58d0] Patching_lock - owner thread: 0x0000000000000000

Heap address: 0x0000000080000000, size: 2048 MB, Compressed Oops mode: 32-bit
Narrow klass base: 0x0000000000000000, Narrow klass shift: 3
Compressed class space size: 1073741824 Address: 0x0000000100000000

Heap:
 garbage-first heap   total 227328K, used 111518K [0x0000000080000000, 0x0000000100000000)
  region size 1024K, 64 young (65536K), 3 survivors (3072K)
 Metaspace       used 65165K, capacity 66707K, committed 67056K, reserved 1112064K
  class space    used 8215K, capacity 8791K, committed 8908K, reserved 1048576K
Heap Regions: E=young(eden), S=young(survivor), O=old, HS=humongous(starts), HC=humongous(continues), CS=collection set, F=free, A=archive, TAMS=top-at-mark-start (previous, next)
|   0|0x0000000080000000, 0x0000000080100000, 0x0000000080100000|100%| O|  |TAMS 0x0000000080100000, 0x0000000080000000| Untracked 
|   1|0x0000000080100000, 0x0000000080200000, 0x0000000080200000|100%| O|  |TAMS 0x0000000080200000, 0x0000000080100000| Untracked 
|   2|0x0000000080200000, 0x0000000080300000, 0x0000000080300000|100%| O|  |TAMS 0x0000000080300000, 0x0000000080200000| Untracked 
|   3|0x0000000080300000, 0x0000000080400000, 0x0000000080400000|100%|HS|  |TAMS 0x0000000080400000, 0x0000000080300000| Complete 
|   4|0x0000000080400000, 0x0000000080500000, 0x0000000080500000|100%|HC|  |TAMS 0x0000000080500000, 0x0000000080400000| Complete 
|   5|0x0000000080500000, 0x0000000080600000, 0x0000000080600000|100%|HC|  |TAMS 0x0000000080600000, 0x0000000080500000| Complete 
|   6|0x0000000080600000, 0x0000000080700000, 0x0000000080700000|100%| O|  |TAMS 0x0000000080700000, 0x0000000080600000| Untracked 
|   7|0x0000000080700000, 0x0000000080800000, 0x0000000080800000|100%| O|  |TAMS 0x0000000080800000, 0x0000000080700000| Untracked 
|   8|0x0000000080800000, 0x0000000080900000, 0x0000000080900000|100%| O|  |TAMS 0x0000000080900000, 0x0000000080800000| Untracked 
|   9|0x0000000080900000, 0x0000000080a00000, 0x0000000080a00000|100%| O|  |TAMS 0x0000000080a00000, 0x0000000080900000| Untracked 
|  10|0x0000000080a00000, 0x0000000080b00000, 0x0000000080b00000|100%| O|  |TAMS 0x0000000080b00000, 0x0000000080a00000| Untracked 
|  11|0x0000000080b00000, 0x0000000080c00000, 0x0000000080c00000|100%| O|  |TAMS 0x0000000080c00000, 0x0000000080b00000| Untracked 
|  12|0x0000000080c00000, 0x0000000080d00000, 0x0000000080d00000|100%| O|  |TAMS 0x0000000080d00000, 0x0000000080c00000| Untracked 
|  13|0x0000000080d00000, 0x0000000080e00000, 0x0000000080e00000|100%| O|  |TAMS 0x0000000080e00000, 0x0000000080d00000| Untracked 
|  14|0x0000000080e00000, 0x0000000080f00000, 0x0000000080f00000|100%|HS|  |TAMS 0x0000000080f00000, 0x0000000080e00000| Complete 
|  15|0x0000000080f00000, 0x0000000081000000, 0x0000000081000000|100%|HS|  |TAMS 0x0000000081000000, 0x0000000080f00000| Complete 
|  16|0x0000000081000000, 0x0000000081100000, 0x0000000081100000|100%|HS|  |TAMS 0x0000000081100000, 0x0000000081000000| Complete 
|  17|0x0000000081100000, 0x0000000081200000, 0x0000000081200000|100%|HS|  |TAMS 0x0000000081200000, 0x0000000081100000| Complete 
|  18|0x0000000081200000, 0x0000000081300000, 0x0000000081300000|100%|HC|  |TAMS 0x0000000081300000, 0x0000000081200000| Complete 
|  19|0x0000000081300000, 0x0000000081400000, 0x0000000081400000|100%| O|  |TAMS 0x0000000081400000, 0x0000000081300000| Untracked 
|  20|0x0000000081400000, 0x0000000081500000, 0x0000000081500000|100%| O|  |TAMS 0x0000000081500000, 0x0000000081400000| Untracked 
|  21|0x0000000081500000, 0x0000000081600000, 0x0000000081600000|100%| O|  |TAMS 0x0000000081600000, 0x0000000081500000| Untracked 
|  22|0x0000000081600000, 0x0000000081700000, 0x0000000081700000|100%| O|  |TAMS 0x0000000081700000, 0x0000000081600000| Untracked 
|  23|0x0000000081700000, 0x0000000081800000, 0x0000000081800000|100%| O|  |TAMS 0x0000000081800000, 0x0000000081700000| Untracked 
|  24|0x0000000081800000, 0x0000000081900000, 0x0000000081900000|100%| O|  |TAMS 0x0000000081900000, 0x0000000081800000| Untracked 
|  25|0x0000000081900000, 0x0000000081a00000, 0x0000000081a00000|100%| O|  |TAMS 0x0000000081a00000, 0x0000000081900000| Untracked 
|  26|0x0000000081a00000, 0x0000000081b00000, 0x0000000081b00000|100%| O|  |TAMS 0x0000000081b00000, 0x0000000081a00000| Untracked 
|  27|0x0000000081b00000, 0x0000000081c00000, 0x0000000081c00000|100%| O|  |TAMS 0x0000000081c00000, 0x0000000081b00000| Untracked 
|  28|0x0000000081c00000, 0x0000000081d00000, 0x0000000081d00000|100%| O|  |TAMS 0x0000000081d00000, 0x0000000081c00000| Untracked 
|  29|0x0000000081d00000, 0x0000000081e00000, 0x0000000081e00000|100%| O|  |TAMS 0x0000000081e00000, 0x0000000081d00000| Untracked 
|  30|0x0000000081e00000, 0x0000000081f00000, 0x0000000081f00000|100%| O|  |TAMS 0x0000000081f00000, 0x0000000081e00000| Untracked 
|  31|0x0000000081f00000, 0x0000000082000000, 0x0000000082000000|100%| O|  |TAMS 0x0000000082000000, 0x0000000081f00000| Untracked 
|  32|0x0000000082000000, 0x0000000082100000, 0x0000000082100000|100%| O|  |TAMS 0x0000000082100000, 0x0000000082000000| Untracked 
|  33|0x0000000082100000, 0x0000000082200000, 0x0000000082200000|100%| O|  |TAMS 0x0000000082200000, 0x0000000082100000| Untracked 
|  34|0x0000000082200000, 0x0000000082300000, 0x0000000082300000|100%| O|  |TAMS 0x0000000082300000, 0x0000000082200000| Untracked 
|  35|0x0000000082300000, 0x0000000082400000, 0x0000000082400000|100%| O|  |TAMS 0x0000000082400000, 0x0000000082300000| Untracked 
|  36|0x0000000082400000, 0x0000000082500000, 0x0000000082500000|100%| O|  |TAMS 0x0000000082500000, 0x0000000082400000| Untracked 
|  37|0x0000000082500000, 0x0000000082600000, 0x0000000082600000|100%| O|  |TAMS 0x0000000082600000, 0x0000000082500000| Untracked 
|  38|0x0000000082600000, 0x0000000082700000, 0x0000000082700000|100%| O|  |TAMS 0x0000000082700000, 0x0000000082600000| Untracked 
|  39|0x0000000082700000, 0x0000000082800000, 0x0000000082800000|100%| O|  |TAMS 0x0000000082800000, 0x0000000082700000| Untracked 
|  40|0x0000000082800000, 0x0000000082900000, 0x0000000082900000|100%| O|  |TAMS 0x0000000082900000, 0x0000000082800000| Untracked 
|  41|0x0000000082900000, 0x0000000082a00000, 0x0000000082a00000|100%| O|  |TAMS 0x0000000082a00000, 0x0000000082900000| Untracked 
|  42|0x0000000082a00000, 0x0000000082b00000, 0x0000000082b00000|100%| O|  |TAMS 0x0000000082b00000, 0x0000000082a00000| Untracked 
|  43|0x0000000082b00000, 0x0000000082c00000, 0x0000000082c00000|100%| O|  |TAMS 0x0000000082c00000, 0x0000000082b00000| Untracked 
|  44|0x0000000082c00000, 0x0000000082d00000, 0x0000000082d00000|100%| O|  |TAMS 0x0000000082d00000, 0x0000000082c00000| Untracked 
|  45|0x0000000082d00000, 0x0000000082de7a00, 0x0000000082e00000| 90%| O|  |TAMS 0x0000000082de7a00, 0x0000000082d00000| Untracked 
|  46|0x0000000082e00000, 0x0000000082f00000, 0x0000000082f00000|100%|HS|  |TAMS 0x0000000082e00000, 0x0000000082e00000| Complete 
|  47|0x0000000082f00000, 0x0000000082f00000, 0x0000000083000000|  0%| F|  |TAMS 0x0000000082f00000, 0x0000000082f00000| Untracked 
|  48|0x0000000083000000, 0x0000000083000000, 0x0000000083100000|  0%| F|  |TAMS 0x0000000083000000, 0x0000000083000000| Untracked 
|  49|0x0000000083100000, 0x0000000083100000, 0x0000000083200000|  0%| F|  |TAMS 0x0000000083100000, 0x0000000083100000| Untracked 
|  50|0x0000000083200000, 0x0000000083200000, 0x0000000083300000|  0%| F|  |TAMS 0x0000000083200000, 0x0000000083200000| Untracked 
|  51|0x0000000083300000, 0x0000000083300000, 0x0000000083400000|  0%| F|  |TAMS 0x0000000083300000, 0x0000000083300000| Untracked 
|  52|0x0000000083400000, 0x0000000083400000, 0x0000000083500000|  0%| F|  |TAMS 0x0000000083400000, 0x0000000083400000| Untracked 
|  53|0x0000000083500000, 0x0000000083500000, 0x0000000083600000|  0%| F|  |TAMS 0x0000000083500000, 0x0000000083500000| Untracked 
|  54|0x0000000083600000, 0x0000000083600000, 0x0000000083700000|  0%| F|  |TAMS 0x0000000083600000, 0x0000000083600000| Untracked 
|  55|0x0000000083700000, 0x0000000083700000, 0x0000000083800000|  0%| F|  |TAMS 0x0000000083700000, 0x0000000083700000| Untracked 
|  56|0x0000000083800000, 0x0000000083800000, 0x0000000083900000|  0%| F|  |TAMS 0x0000000083800000, 0x0000000083800000| Untracked 
|  57|0x0000000083900000, 0x0000000083900000, 0x0000000083a00000|  0%| F|  |TAMS 0x0000000083900000, 0x0000000083900000| Untracked 
|  58|0x0000000083a00000, 0x0000000083a00000, 0x0000000083b00000|  0%| F|  |TAMS 0x0000000083a00000, 0x0000000083a00000| Untracked 
|  59|0x0000000083b00000, 0x0000000083b00000, 0x0000000083c00000|  0%| F|  |TAMS 0x0000000083b00000, 0x0000000083b00000| Untracked 
|  60|0x0000000083c00000, 0x0000000083c00000, 0x0000000083d00000|  0%| F|  |TAMS 0x0000000083c00000, 0x0000000083c00000| Untracked 
|  61|0x0000000083d00000, 0x0000000083d00000, 0x0000000083e00000|  0%| F|  |TAMS 0x0000000083d00000, 0x0000000083d00000| Untracked 
|  62|0x0000000083e00000, 0x0000000083e00000, 0x0000000083f00000|  0%| F|  |TAMS 0x0000000083e00000, 0x0000000083e00000| Untracked 
|  63|0x0000000083f00000, 0x0000000083f00000, 0x0000000084000000|  0%| F|  |TAMS 0x0000000083f00000, 0x0000000083f00000| Untracked 
|  64|0x0000000084000000, 0x0000000084000000, 0x0000000084100000|  0%| F|  |TAMS 0x0000000084000000, 0x0000000084000000| Untracked 
|  65|0x0000000084100000, 0x0000000084100000, 0x0000000084200000|  0%| F|  |TAMS 0x0000000084100000, 0x0000000084100000| Untracked 
|  66|0x0000000084200000, 0x0000000084200000, 0x0000000084300000|  0%| F|  |TAMS 0x0000000084200000, 0x0000000084200000| Untracked 
|  67|0x0000000084300000, 0x0000000084300000, 0x0000000084400000|  0%| F|  |TAMS 0x0000000084300000, 0x0000000084300000| Untracked 
|  68|0x0000000084400000, 0x0000000084400000, 0x0000000084500000|  0%| F|  |TAMS 0x0000000084400000, 0x0000000084400000| Untracked 
|  69|0x0000000084500000, 0x0000000084500000, 0x0000000084600000|  0%| F|  |TAMS 0x0000000084500000, 0x0000000084500000| Untracked 
|  70|0x0000000084600000, 0x0000000084600000, 0x0000000084700000|  0%| F|  |TAMS 0x0000000084600000, 0x0000000084600000| Untracked 
|  71|0x0000000084700000, 0x0000000084700000, 0x0000000084800000|  0%| F|  |TAMS 0x0000000084700000, 0x0000000084700000| Untracked 
|  72|0x0000000084800000, 0x0000000084800000, 0x0000000084900000|  0%| F|  |TAMS 0x0000000084800000, 0x0000000084800000| Untracked 
|  73|0x0000000084900000, 0x0000000084900000, 0x0000000084a00000|  0%| F|  |TAMS 0x0000000084900000, 0x0000000084900000| Untracked 
|  74|0x0000000084a00000, 0x0000000084a00000, 0x0000000084b00000|  0%| F|  |TAMS 0x0000000084a00000, 0x0000000084a00000| Untracked 
|  75|0x0000000084b00000, 0x0000000084b00000, 0x0000000084c00000|  0%| F|  |TAMS 0x0000000084b00000, 0x0000000084b00000| Untracked 
|  76|0x0000000084c00000, 0x0000000084c00000, 0x0000000084d00000|  0%| F|  |TAMS 0x0000000084c00000, 0x0000000084c00000| Untracked 
|  77|0x0000000084d00000, 0x0000000084d00000, 0x0000000084e00000|  0%| F|  |TAMS 0x0000000084d00000, 0x0000000084d00000| Untracked 
|  78|0x0000000084e00000, 0x0000000084e00000, 0x0000000084f00000|  0%| F|  |TAMS 0x0000000084e00000, 0x0000000084e00000| Untracked 
|  79|0x0000000084f00000, 0x0000000084f00000, 0x0000000085000000|  0%| F|  |TAMS 0x0000000084f00000, 0x0000000084f00000| Untracked 
|  80|0x0000000085000000, 0x0000000085000000, 0x0000000085100000|  0%| F|  |TAMS 0x0000000085000000, 0x0000000085000000| Untracked 
|  81|0x0000000085100000, 0x0000000085100000, 0x0000000085200000|  0%| F|  |TAMS 0x0000000085100000, 0x0000000085100000| Untracked 
|  82|0x0000000085200000, 0x0000000085200000, 0x0000000085300000|  0%| F|  |TAMS 0x0000000085200000, 0x0000000085200000| Untracked 
|  83|0x0000000085300000, 0x0000000085300000, 0x0000000085400000|  0%| F|  |TAMS 0x0000000085300000, 0x0000000085300000| Untracked 
|  84|0x0000000085400000, 0x0000000085400000, 0x0000000085500000|  0%| F|  |TAMS 0x0000000085400000, 0x0000000085400000| Untracked 
|  85|0x0000000085500000, 0x0000000085500000, 0x0000000085600000|  0%| F|  |TAMS 0x0000000085500000, 0x0000000085500000| Untracked 
|  86|0x0000000085600000, 0x0000000085600000, 0x0000000085700000|  0%| F|  |TAMS 0x0000000085600000, 0x0000000085600000| Untracked 
|  87|0x0000000085700000, 0x0000000085700000, 0x0000000085800000|  0%| F|  |TAMS 0x0000000085700000, 0x0000000085700000| Untracked 
|  88|0x0000000085800000, 0x0000000085800000, 0x0000000085900000|  0%| F|  |TAMS 0x0000000085800000, 0x0000000085800000| Untracked 
|  89|0x0000000085900000, 0x0000000085900000, 0x0000000085a00000|  0%| F|  |TAMS 0x0000000085900000, 0x0000000085900000| Untracked 
|  90|0x0000000085a00000, 0x0000000085a00000, 0x0000000085b00000|  0%| F|  |TAMS 0x0000000085a00000, 0x0000000085a00000| Untracked 
|  91|0x0000000085b00000, 0x0000000085b00000, 0x0000000085c00000|  0%| F|  |TAMS 0x0000000085b00000, 0x0000000085b00000| Untracked 
|  92|0x0000000085c00000, 0x0000000085c00000, 0x0000000085d00000|  0%| F|  |TAMS 0x0000000085c00000, 0x0000000085c00000| Untracked 
|  93|0x0000000085d00000, 0x0000000085d00000, 0x0000000085e00000|  0%| F|  |TAMS 0x0000000085d00000, 0x0000000085d00000| Untracked 
|  94|0x0000000085e00000, 0x0000000085e00000, 0x0000000085f00000|  0%| F|  |TAMS 0x0000000085e00000, 0x0000000085e00000| Untracked 
|  95|0x0000000085f00000, 0x0000000085f00000, 0x0000000086000000|  0%| F|  |TAMS 0x0000000085f00000, 0x0000000085f00000| Untracked 
|  96|0x0000000086000000, 0x0000000086000000, 0x0000000086100000|  0%| F|  |TAMS 0x0000000086000000, 0x0000000086000000| Untracked 
|  97|0x0000000086100000, 0x0000000086100000, 0x0000000086200000|  0%| F|  |TAMS 0x0000000086100000, 0x0000000086100000| Untracked 
|  98|0x0000000086200000, 0x0000000086200000, 0x0000000086300000|  0%| F|  |TAMS 0x0000000086200000, 0x0000000086200000| Untracked 
|  99|0x0000000086300000, 0x0000000086300000, 0x0000000086400000|  0%| F|  |TAMS 0x0000000086300000, 0x0000000086300000| Untracked 
| 100|0x0000000086400000, 0x0000000086400000, 0x0000000086500000|  0%| F|  |TAMS 0x0000000086400000, 0x0000000086400000| Untracked 
| 101|0x0000000086500000, 0x0000000086500000, 0x0000000086600000|  0%| F|  |TAMS 0x0000000086500000, 0x0000000086500000| Untracked 
| 102|0x0000000086600000, 0x0000000086600000, 0x0000000086700000|  0%| F|  |TAMS 0x0000000086600000, 0x0000000086600000| Untracked 
| 103|0x0000000086700000, 0x0000000086700000, 0x0000000086800000|  0%| F|  |TAMS 0x0000000086700000, 0x0000000086700000| Untracked 
| 104|0x0000000086800000, 0x0000000086800000, 0x0000000086900000|  0%| F|  |TAMS 0x0000000086800000, 0x0000000086800000| Untracked 
| 105|0x0000000086900000, 0x0000000086900000, 0x0000000086a00000|  0%| F|  |TAMS 0x0000000086900000, 0x0000000086900000| Untracked 
| 106|0x0000000086a00000, 0x0000000086a00000, 0x0000000086b00000|  0%| F|  |TAMS 0x0000000086a00000, 0x0000000086a00000| Untracked 
| 107|0x0000000086b00000, 0x0000000086b00000, 0x0000000086c00000|  0%| F|  |TAMS 0x0000000086b00000, 0x0000000086b00000| Untracked 
| 108|0x0000000086c00000, 0x0000000086c00000, 0x0000000086d00000|  0%| F|  |TAMS 0x0000000086c00000, 0x0000000086c00000| Untracked 
| 109|0x0000000086d00000, 0x0000000086d00000, 0x0000000086e00000|  0%| F|  |TAMS 0x0000000086d00000, 0x0000000086d00000| Untracked 
| 110|0x0000000086e00000, 0x0000000086e00000, 0x0000000086f00000|  0%| F|  |TAMS 0x0000000086e00000, 0x0000000086e00000| Untracked 
| 111|0x0000000086f00000, 0x0000000086f00000, 0x0000000087000000|  0%| F|  |TAMS 0x0000000086f00000, 0x0000000086f00000| Untracked 
| 112|0x0000000087000000, 0x0000000087000000, 0x0000000087100000|  0%| F|  |TAMS 0x0000000087000000, 0x0000000087000000| Untracked 
| 113|0x0000000087100000, 0x0000000087100000, 0x0000000087200000|  0%| F|  |TAMS 0x0000000087100000, 0x0000000087100000| Untracked 
| 114|0x0000000087200000, 0x0000000087200000, 0x0000000087300000|  0%| F|  |TAMS 0x0000000087200000, 0x0000000087200000| Untracked 
| 115|0x0000000087300000, 0x0000000087300000, 0x0000000087400000|  0%| F|  |TAMS 0x0000000087300000, 0x0000000087300000| Untracked 
| 116|0x0000000087400000, 0x0000000087400000, 0x0000000087500000|  0%| F|  |TAMS 0x0000000087400000, 0x0000000087400000| Untracked 
| 117|0x0000000087500000, 0x0000000087500000, 0x0000000087600000|  0%| F|  |TAMS 0x0000000087500000, 0x0000000087500000| Untracked 
| 118|0x0000000087600000, 0x0000000087600000, 0x0000000087700000|  0%| F|  |TAMS 0x0000000087600000, 0x0000000087600000| Untracked 
| 119|0x0000000087700000, 0x0000000087700000, 0x0000000087800000|  0%| F|  |TAMS 0x0000000087700000, 0x0000000087700000| Untracked 
| 120|0x0000000087800000, 0x0000000087800000, 0x0000000087900000|  0%| F|  |TAMS 0x0000000087800000, 0x0000000087800000| Untracked 
| 121|0x0000000087900000, 0x0000000087900000, 0x0000000087a00000|  0%| F|  |TAMS 0x0000000087900000, 0x0000000087900000| Untracked 
| 122|0x0000000087a00000, 0x0000000087a00000, 0x0000000087b00000|  0%| F|  |TAMS 0x0000000087a00000, 0x0000000087a00000| Untracked 
| 123|0x0000000087b00000, 0x0000000087b00000, 0x0000000087c00000|  0%| F|  |TAMS 0x0000000087b00000, 0x0000000087b00000| Untracked 
| 124|0x0000000087c00000, 0x0000000087c00000, 0x0000000087d00000|  0%| F|  |TAMS 0x0000000087c00000, 0x0000000087c00000| Untracked 
| 125|0x0000000087d00000, 0x0000000087d00000, 0x0000000087e00000|  0%| F|  |TAMS 0x0000000087d00000, 0x0000000087d00000| Untracked 
| 126|0x0000000087e00000, 0x0000000087e00000, 0x0000000087f00000|  0%| F|  |TAMS 0x0000000087e00000, 0x0000000087e00000| Untracked 
| 127|0x0000000087f00000, 0x0000000087f00000, 0x0000000088000000|  0%| F|  |TAMS 0x0000000087f00000, 0x0000000087f00000| Untracked 
| 128|0x0000000088000000, 0x0000000088000000, 0x0000000088100000|  0%| F|  |TAMS 0x0000000088000000, 0x0000000088000000| Untracked 
| 129|0x0000000088100000, 0x0000000088100000, 0x0000000088200000|  0%| F|  |TAMS 0x0000000088100000, 0x0000000088100000| Untracked 
| 130|0x0000000088200000, 0x0000000088200000, 0x0000000088300000|  0%| F|  |TAMS 0x0000000088200000, 0x0000000088200000| Untracked 
| 131|0x0000000088300000, 0x0000000088300000, 0x0000000088400000|  0%| F|  |TAMS 0x0000000088300000, 0x0000000088300000| Untracked 
| 132|0x0000000088400000, 0x0000000088400000, 0x0000000088500000|  0%| F|  |TAMS 0x0000000088400000, 0x0000000088400000| Untracked 
| 133|0x0000000088500000, 0x0000000088500000, 0x0000000088600000|  0%| F|  |TAMS 0x0000000088500000, 0x0000000088500000| Untracked 
| 134|0x0000000088600000, 0x0000000088600000, 0x0000000088700000|  0%| F|  |TAMS 0x0000000088600000, 0x0000000088600000| Untracked 
| 135|0x0000000088700000, 0x0000000088700000, 0x0000000088800000|  0%| F|  |TAMS 0x0000000088700000, 0x0000000088700000| Untracked 
| 136|0x0000000088800000, 0x0000000088800000, 0x0000000088900000|  0%| F|  |TAMS 0x0000000088800000, 0x0000000088800000| Untracked 
| 137|0x0000000088900000, 0x0000000088900000, 0x0000000088a00000|  0%| F|  |TAMS 0x0000000088900000, 0x0000000088900000| Untracked 
| 138|0x0000000088a00000, 0x0000000088a00000, 0x0000000088b00000|  0%| F|  |TAMS 0x0000000088a00000, 0x0000000088a00000| Untracked 
| 139|0x0000000088b00000, 0x0000000088b00000, 0x0000000088c00000|  0%| F|  |TAMS 0x0000000088b00000, 0x0000000088b00000| Untracked 
| 140|0x0000000088c00000, 0x0000000088c00000, 0x0000000088d00000|  0%| F|  |TAMS 0x0000000088c00000, 0x0000000088c00000| Untracked 
| 141|0x0000000088d00000, 0x0000000088d00000, 0x0000000088e00000|  0%| F|  |TAMS 0x0000000088d00000, 0x0000000088d00000| Untracked 
| 142|0x0000000088e00000, 0x0000000088e00000, 0x0000000088f00000|  0%| F|  |TAMS 0x0000000088e00000, 0x0000000088e00000| Untracked 
| 143|0x0000000088f00000, 0x0000000088f00000, 0x0000000089000000|  0%| F|  |TAMS 0x0000000088f00000, 0x0000000088f00000| Untracked 
| 144|0x0000000089000000, 0x0000000089000000, 0x0000000089100000|  0%| F|  |TAMS 0x0000000089000000, 0x0000000089000000| Untracked 
| 145|0x0000000089100000, 0x0000000089100000, 0x0000000089200000|  0%| F|  |TAMS 0x0000000089100000, 0x0000000089100000| Untracked 
| 146|0x0000000089200000, 0x0000000089200000, 0x0000000089300000|  0%| F|  |TAMS 0x0000000089200000, 0x0000000089200000| Untracked 
| 147|0x0000000089300000, 0x0000000089300000, 0x0000000089400000|  0%| F|  |TAMS 0x0000000089300000, 0x0000000089300000| Untracked 
| 148|0x0000000089400000, 0x0000000089400000, 0x0000000089500000|  0%| F|  |TAMS 0x0000000089400000, 0x0000000089400000| Untracked 
| 149|0x0000000089500000, 0x0000000089500000, 0x0000000089600000|  0%| F|  |TAMS 0x0000000089500000, 0x0000000089500000| Untracked 
| 150|0x0000000089600000, 0x0000000089600000, 0x0000000089700000|  0%| F|  |TAMS 0x0000000089600000, 0x0000000089600000| Untracked 
| 151|0x0000000089700000, 0x0000000089700000, 0x0000000089800000|  0%| F|  |TAMS 0x0000000089700000, 0x0000000089700000| Untracked 
| 152|0x0000000089800000, 0x0000000089800000, 0x0000000089900000|  0%| F|  |TAMS 0x0000000089800000, 0x0000000089800000| Untracked 
| 153|0x0000000089900000, 0x0000000089900000, 0x0000000089a00000|  0%| F|  |TAMS 0x0000000089900000, 0x0000000089900000| Untracked 
| 154|0x0000000089a00000, 0x0000000089a00000, 0x0000000089b00000|  0%| F|  |TAMS 0x0000000089a00000, 0x0000000089a00000| Untracked 
| 155|0x0000000089b00000, 0x0000000089b00000, 0x0000000089c00000|  0%| F|  |TAMS 0x0000000089b00000, 0x0000000089b00000| Untracked 
| 156|0x0000000089c00000, 0x0000000089c00000, 0x0000000089d00000|  0%| F|  |TAMS 0x0000000089c00000, 0x0000000089c00000| Untracked 
| 157|0x0000000089d00000, 0x0000000089d00000, 0x0000000089e00000|  0%| F|  |TAMS 0x0000000089d00000, 0x0000000089d00000| Untracked 
| 158|0x0000000089e00000, 0x0000000089f00000, 0x0000000089f00000|100%| E|  |TAMS 0x0000000089e00000, 0x0000000089e00000| Complete 
| 159|0x0000000089f00000, 0x000000008a000000, 0x000000008a000000|100%| E|CS|TAMS 0x0000000089f00000, 0x0000000089f00000| Complete 
| 160|0x000000008a000000, 0x000000008a100000, 0x000000008a100000|100%| E|CS|TAMS 0x000000008a000000, 0x000000008a000000| Complete 
| 161|0x000000008a100000, 0x000000008a200000, 0x000000008a200000|100%| E|CS|TAMS 0x000000008a100000, 0x000000008a100000| Complete 
| 162|0x000000008a200000, 0x000000008a300000, 0x000000008a300000|100%| E|CS|TAMS 0x000000008a200000, 0x000000008a200000| Complete 
| 163|0x000000008a300000, 0x000000008a400000, 0x000000008a400000|100%| E|CS|TAMS 0x000000008a300000, 0x000000008a300000| Complete 
| 164|0x000000008a400000, 0x000000008a500000, 0x000000008a500000|100%| E|CS|TAMS 0x000000008a400000, 0x000000008a400000| Complete 
| 165|0x000000008a500000, 0x000000008a600000, 0x000000008a600000|100%| E|CS|TAMS 0x000000008a500000, 0x000000008a500000| Complete 
| 166|0x000000008a600000, 0x000000008a700000, 0x000000008a700000|100%| E|CS|TAMS 0x000000008a600000, 0x000000008a600000| Complete 
| 167|0x000000008a700000, 0x000000008a800000, 0x000000008a800000|100%| E|CS|TAMS 0x000000008a700000, 0x000000008a700000| Complete 
| 168|0x000000008a800000, 0x000000008a900000, 0x000000008a900000|100%| E|CS|TAMS 0x000000008a800000, 0x000000008a800000| Complete 
| 169|0x000000008a900000, 0x000000008aa00000, 0x000000008aa00000|100%| E|CS|TAMS 0x000000008a900000, 0x000000008a900000| Complete 
| 170|0x000000008aa00000, 0x000000008ab00000, 0x000000008ab00000|100%| E|CS|TAMS 0x000000008aa00000, 0x000000008aa00000| Complete 
| 171|0x000000008ab00000, 0x000000008ac00000, 0x000000008ac00000|100%| E|CS|TAMS 0x000000008ab00000, 0x000000008ab00000| Complete 
| 172|0x000000008ac00000, 0x000000008ad00000, 0x000000008ad00000|100%| E|CS|TAMS 0x000000008ac00000, 0x000000008ac00000| Complete 
| 173|0x000000008ad00000, 0x000000008ae00000, 0x000000008ae00000|100%| E|CS|TAMS 0x000000008ad00000, 0x000000008ad00000| Complete 
| 174|0x000000008ae00000, 0x000000008af00000, 0x000000008af00000|100%| E|CS|TAMS 0x000000008ae00000, 0x000000008ae00000| Complete 
| 175|0x000000008af00000, 0x000000008b000000, 0x000000008b000000|100%| E|CS|TAMS 0x000000008af00000, 0x000000008af00000| Complete 
| 176|0x000000008b000000, 0x000000008b100000, 0x000000008b100000|100%| E|CS|TAMS 0x000000008b000000, 0x000000008b000000| Complete 
| 177|0x000000008b100000, 0x000000008b200000, 0x000000008b200000|100%| S|CS|TAMS 0x000000008b100000, 0x000000008b100000| Complete 
| 178|0x000000008b200000, 0x000000008b300000, 0x000000008b300000|100%| S|CS|TAMS 0x000000008b200000, 0x000000008b200000| Complete 
| 179|0x000000008b300000, 0x000000008b400000, 0x000000008b400000|100%| S|CS|TAMS 0x000000008b300000, 0x000000008b300000| Complete 
| 180|0x000000008b400000, 0x000000008b500000, 0x000000008b500000|100%| E|CS|TAMS 0x000000008b400000, 0x000000008b400000| Complete 
| 181|0x000000008b500000, 0x000000008b600000, 0x000000008b600000|100%| E|CS|TAMS 0x000000008b500000, 0x000000008b500000| Complete 
| 182|0x000000008b600000, 0x000000008b700000, 0x000000008b700000|100%| E|CS|TAMS 0x000000008b600000, 0x000000008b600000| Complete 
| 183|0x000000008b700000, 0x000000008b800000, 0x000000008b800000|100%| E|CS|TAMS 0x000000008b700000, 0x000000008b700000| Complete 
| 184|0x000000008b800000, 0x000000008b900000, 0x000000008b900000|100%| E|CS|TAMS 0x000000008b800000, 0x000000008b800000| Complete 
| 185|0x000000008b900000, 0x000000008ba00000, 0x000000008ba00000|100%| E|CS|TAMS 0x000000008b900000, 0x000000008b900000| Complete 
| 186|0x000000008ba00000, 0x000000008bb00000, 0x000000008bb00000|100%| E|CS|TAMS 0x000000008ba00000, 0x000000008ba00000| Complete 
| 187|0x000000008bb00000, 0x000000008bc00000, 0x000000008bc00000|100%| E|CS|TAMS 0x000000008bb00000, 0x000000008bb00000| Complete 
| 188|0x000000008bc00000, 0x000000008bd00000, 0x000000008bd00000|100%| E|CS|TAMS 0x000000008bc00000, 0x000000008bc00000| Complete 
| 189|0x000000008bd00000, 0x000000008be00000, 0x000000008be00000|100%| E|CS|TAMS 0x000000008bd00000, 0x000000008bd00000| Complete 
| 190|0x000000008be00000, 0x000000008bf00000, 0x000000008bf00000|100%| E|CS|TAMS 0x000000008be00000, 0x000000008be00000| Complete 
| 191|0x000000008bf00000, 0x000000008c000000, 0x000000008c000000|100%| E|CS|TAMS 0x000000008bf00000, 0x000000008bf00000| Complete 
| 192|0x000000008c000000, 0x000000008c100000, 0x000000008c100000|100%| E|CS|TAMS 0x000000008c000000, 0x000000008c000000| Complete 
| 193|0x000000008c100000, 0x000000008c200000, 0x000000008c200000|100%| E|CS|TAMS 0x000000008c100000, 0x000000008c100000| Complete 
| 194|0x000000008c200000, 0x000000008c300000, 0x000000008c300000|100%| E|CS|TAMS 0x000000008c200000, 0x000000008c200000| Complete 
| 195|0x000000008c300000, 0x000000008c400000, 0x000000008c400000|100%| E|CS|TAMS 0x000000008c300000, 0x000000008c300000| Complete 
| 196|0x000000008c400000, 0x000000008c500000, 0x000000008c500000|100%| E|CS|TAMS 0x000000008c400000, 0x000000008c400000| Complete 
| 197|0x000000008c500000, 0x000000008c600000, 0x000000008c600000|100%| E|CS|TAMS 0x000000008c500000, 0x000000008c500000| Complete 
| 198|0x000000008c600000, 0x000000008c700000, 0x000000008c700000|100%| E|CS|TAMS 0x000000008c600000, 0x000000008c600000| Complete 
| 199|0x000000008c700000, 0x000000008c800000, 0x000000008c800000|100%| E|CS|TAMS 0x000000008c700000, 0x000000008c700000| Complete 
| 200|0x000000008c800000, 0x000000008c900000, 0x000000008c900000|100%| E|CS|TAMS 0x000000008c800000, 0x000000008c800000| Complete 
| 201|0x000000008c900000, 0x000000008ca00000, 0x000000008ca00000|100%| E|CS|TAMS 0x000000008c900000, 0x000000008c900000| Complete 
| 202|0x000000008ca00000, 0x000000008cb00000, 0x000000008cb00000|100%| E|CS|TAMS 0x000000008ca00000, 0x000000008ca00000| Complete 
| 203|0x000000008cb00000, 0x000000008cc00000, 0x000000008cc00000|100%| E|CS|TAMS 0x000000008cb00000, 0x000000008cb00000| Complete 
| 204|0x000000008cc00000, 0x000000008cd00000, 0x000000008cd00000|100%| E|  |TAMS 0x000000008cc00000, 0x000000008cc00000| Complete 
| 205|0x000000008cd00000, 0x000000008ce00000, 0x000000008ce00000|100%| E|CS|TAMS 0x000000008cd00000, 0x000000008cd00000| Complete 
| 206|0x000000008ce00000, 0x000000008cf00000, 0x000000008cf00000|100%| E|CS|TAMS 0x000000008ce00000, 0x000000008ce00000| Complete 
| 207|0x000000008cf00000, 0x000000008d000000, 0x000000008d000000|100%| E|CS|TAMS 0x000000008cf00000, 0x000000008cf00000| Complete 
| 208|0x000000008d000000, 0x000000008d100000, 0x000000008d100000|100%| E|CS|TAMS 0x000000008d000000, 0x000000008d000000| Complete 
| 209|0x000000008d100000, 0x000000008d200000, 0x000000008d200000|100%| E|CS|TAMS 0x000000008d100000, 0x000000008d100000| Complete 
| 210|0x000000008d200000, 0x000000008d300000, 0x000000008d300000|100%| E|CS|TAMS 0x000000008d200000, 0x000000008d200000| Complete 
| 211|0x000000008d300000, 0x000000008d400000, 0x000000008d400000|100%| E|CS|TAMS 0x000000008d300000, 0x000000008d300000| Complete 
| 212|0x000000008d400000, 0x000000008d500000, 0x000000008d500000|100%| E|CS|TAMS 0x000000008d400000, 0x000000008d400000| Complete 
| 213|0x000000008d500000, 0x000000008d600000, 0x000000008d600000|100%| E|CS|TAMS 0x000000008d500000, 0x000000008d500000| Complete 
| 214|0x000000008d600000, 0x000000008d700000, 0x000000008d700000|100%| E|CS|TAMS 0x000000008d600000, 0x000000008d600000| Complete 
| 215|0x000000008d700000, 0x000000008d800000, 0x000000008d800000|100%| E|CS|TAMS 0x000000008d700000, 0x000000008d700000| Complete 
| 216|0x000000008d800000, 0x000000008d900000, 0x000000008d900000|100%| E|CS|TAMS 0x000000008d800000, 0x000000008d800000| Complete 
| 217|0x000000008d900000, 0x000000008da00000, 0x000000008da00000|100%| E|CS|TAMS 0x000000008d900000, 0x000000008d900000| Complete 
| 218|0x000000008da00000, 0x000000008db00000, 0x000000008db00000|100%| E|CS|TAMS 0x000000008da00000, 0x000000008da00000| Complete 
| 219|0x000000008db00000, 0x000000008dc00000, 0x000000008dc00000|100%| E|CS|TAMS 0x000000008db00000, 0x000000008db00000| Complete 
| 220|0x000000008dc00000, 0x000000008dd00000, 0x000000008dd00000|100%| E|CS|TAMS 0x000000008dc00000, 0x000000008dc00000| Complete 
| 221|0x000000008dd00000, 0x000000008de00000, 0x000000008de00000|100%| E|CS|TAMS 0x000000008dd00000, 0x000000008dd00000| Complete 

Card table byte_map: [0x000001864c3f0000,0x000001864c7f0000] _byte_map_base: 0x000001864bff0000

Marking Bits (Prev, Next): (CMBitMap*) 0x000001863941c140, (CMBitMap*) 0x000001863941c108
 Prev Bits: [0x000001864ebf0000, 0x0000018650bf0000)
 Next Bits: [0x000001864cbf0000, 0x000001864ebf0000)

Polling page: 0x00000186372f0000

Metaspace:

Usage:
  Non-class:     56.56 MB capacity,    55.63 MB ( 98%) used,   783.19 KB (  1%) free+waste,   164.88 KB ( <1%) overhead. 
      Class:      8.58 MB capacity,     8.03 MB ( 93%) used,   495.98 KB (  6%) free+waste,    77.06 KB ( <1%) overhead. 
       Both:     65.14 MB capacity,    63.66 MB ( 98%) used,     1.25 MB (  2%) free+waste,   241.94 KB ( <1%) overhead. 

Virtual space:
  Non-class space:       62.00 MB reserved,      56.79 MB ( 92%) committed 
      Class space:        1.00 GB reserved,       8.70 MB ( <1%) committed 
             Both:        1.06 GB reserved,      65.48 MB (  6%) committed 

Chunk freelists:
   Non-Class:  40.00 KB
       Class:  9.00 KB
        Both:  49.00 KB

MaxMetaspaceSize: 17179869184.00 GB
CompressedClassSpaceSize: 1.00 GB

CodeHeap 'non-profiled nmethods': size=120064Kb used=3664Kb max_used=3664Kb free=116399Kb
 bounds [0x00000186449a0000, 0x0000018644d40000, 0x000001864bee0000]
CodeHeap 'profiled nmethods': size=120000Kb used=13413Kb max_used=13413Kb free=106586Kb
 bounds [0x000001863d470000, 0x000001863e190000, 0x00000186449a0000]
CodeHeap 'non-nmethods': size=5696Kb used=2257Kb max_used=2283Kb free=3438Kb
 bounds [0x000001863cee0000, 0x000001863d150000, 0x000001863d470000]
 total_blobs=7355 nmethods=6502 adapters=763
 compilation: enabled
              stopped_count=0, restarted_count=0
 full_count=0

Compilation events (20 events):
Event: 10.273 Thread 0x0000018653cd2800 6499       3       java.util.regex.Pattern::createGroup (86 bytes)
Event: 10.274 Thread 0x0000018653cd2800 nmethod 6499 0x000001863e172a90 code [0x000001863e172ca0, 0x000001863e1734b8]
Event: 10.274 Thread 0x0000018653cd2800 6502       3       kotlin.jvm.internal.Intrinsics::checkParameterIsNotNull (9 bytes)
Event: 10.274 Thread 0x0000018653cd2800 nmethod 6502 0x000001863e173710 code [0x000001863e173920, 0x000001863e173df8]
Event: 10.274 Thread 0x0000018653cd2800 6500       3       java.util.regex.Pattern$GroupHead::<init> (10 bytes)
Event: 10.274 Thread 0x0000018653cd2800 nmethod 6500 0x000001863e174010 code [0x000001863e1741e0, 0x000001863e174418]
Event: 10.274 Thread 0x0000018653cd2800 6503       3       java.util.regex.Pattern::group0 (1102 bytes)
Event: 10.277 Thread 0x0000018653cd2800 nmethod 6503 0x000001863e174510 code [0x000001863e174e80, 0x000001863e17ac38]
Event: 10.278 Thread 0x0000018653cd2800 6505       3       kotlin.text.StringsKt__StringsJVMKt::replace$default (17 bytes)
Event: 10.278 Thread 0x0000018653cd2800 nmethod 6505 0x000001863e17cc10 code [0x000001863e17cdc0, 0x000001863e17cf08]
Event: 10.278 Thread 0x0000018653cd2800 6506       3       kotlin.text.StringsKt__StringsJVMKt::replace (202 bytes)
Event: 10.279 Thread 0x0000018653cd2800 nmethod 6506 0x000001863e17d010 code [0x000001863e17d4c0, 0x000001863e17f3b8]
Event: 10.279 Thread 0x0000018653cd2800 6507       3       kotlin.text.StringsKt__StringsKt::indexOf (65 bytes)
Event: 10.280 Thread 0x0000018653cd2800 nmethod 6507 0x000001863e180190 code [0x000001863e1804a0, 0x000001863e1814c8]
Event: 10.280 Thread 0x0000018653cd2800 6508       1       com.android.tools.build.jetifier.core.pom.PomDependency::getGroupId (5 bytes)
Event: 10.280 Thread 0x0000018653cd2800 nmethod 6508 0x0000018644d2fa90 code [0x0000018644d2fc40, 0x0000018644d2fcf8]
Event: 10.280 Thread 0x0000018653cd2800 6509       1       com.android.tools.build.jetifier.core.pom.PomDependency::getArtifactId (5 bytes)
Event: 10.280 Thread 0x0000018653cd2800 nmethod 6509 0x0000018644d2fd90 code [0x0000018644d2ff40, 0x0000018644d2fff8]
Event: 10.280 Thread 0x0000018653cd2800 6510       1       com.android.tools.build.jetifier.core.pom.PomDependency::getVersion (5 bytes)
Event: 10.280 Thread 0x0000018653cd2800 nmethod 6510 0x0000018644d30090 code [0x0000018644d30240, 0x0000018644d302f8]

GC Heap History (18 events):
Event: 0.952 GC heap before
{Heap before GC invocations=0 (full 0):
 garbage-first heap   total 227328K, used 28672K [0x0000000080000000, 0x0000000100000000)
  region size 1024K, 22 young (22528K), 0 survivors (0K)
 Metaspace       used 10015K, capacity 10268K, committed 10368K, reserved 1058816K
  class space    used 1039K, capacity 1105K, committed 1152K, reserved 1048576K
}
Event: 0.961 GC heap after
{Heap after GC invocations=1 (full 0):
 garbage-first heap   total 227328K, used 9226K [0x0000000080000000, 0x0000000100000000)
  region size 1024K, 3 young (3072K), 3 survivors (3072K)
 Metaspace       used 10015K, capacity 10268K, committed 10368K, reserved 1058816K
  class space    used 1039K, capacity 1105K, committed 1152K, reserved 1048576K
}
Event: 1.168 GC heap before
{Heap before GC invocations=1 (full 0):
 garbage-first heap   total 227328K, used 19466K [0x0000000080000000, 0x0000000100000000)
  region size 1024K, 13 young (13312K), 3 survivors (3072K)
 Metaspace       used 11053K, capacity 11320K, committed 11520K, reserved 1058816K
  class space    used 1168K, capacity 1243K, committed 1280K, reserved 1048576K
}
Event: 1.173 GC heap after
{Heap after GC invocations=2 (full 0):
 garbage-first heap   total 227328K, used 9781K [0x0000000080000000, 0x0000000100000000)
  region size 1024K, 1 young (1024K), 1 survivors (1024K)
 Metaspace       used 11053K, capacity 11320K, committed 11520K, reserved 1058816K
  class space    used 1168K, capacity 1243K, committed 1280K, reserved 1048576K
}
Event: 1.654 GC heap before
{Heap before GC invocations=2 (full 0):
 garbage-first heap   total 227328K, used 48693K [0x0000000080000000, 0x0000000100000000)
  region size 1024K, 39 young (39936K), 1 survivors (1024K)
 Metaspace       used 11606K, capacity 11956K, committed 12160K, reserved 1060864K
  class space    used 1257K, capacity 1348K, committed 1408K, reserved 1048576K
}
Event: 1.658 GC heap after
{Heap after GC invocations=3 (full 0):
 garbage-first heap   total 227328K, used 14087K [0x0000000080000000, 0x0000000100000000)
  region size 1024K, 5 young (5120K), 5 survivors (5120K)
 Metaspace       used 11606K, capacity 11956K, committed 12160K, reserved 1060864K
  class space    used 1257K, capacity 1348K, committed 1408K, reserved 1048576K
}
Event: 2.922 GC heap before
{Heap before GC invocations=3 (full 0):
 garbage-first heap   total 227328K, used 65287K [0x0000000080000000, 0x0000000100000000)
  region size 1024K, 56 young (57344K), 5 survivors (5120K)
 Metaspace       used 20657K, capacity 21112K, committed 21296K, reserved 1069056K
  class space    used 2535K, capacity 2660K, committed 2688K, reserved 1048576K
}
Event: 2.931 GC heap after
{Heap after GC invocations=4 (full 0):
 garbage-first heap   total 227328K, used 17039K [0x0000000080000000, 0x0000000100000000)
  region size 1024K, 8 young (8192K), 8 survivors (8192K)
 Metaspace       used 20657K, capacity 21112K, committed 21296K, reserved 1069056K
  class space    used 2535K, capacity 2660K, committed 2688K, reserved 1048576K
}
Event: 3.820 GC heap before
{Heap before GC invocations=5 (full 0):
 garbage-first heap   total 227328K, used 92815K [0x0000000080000000, 0x0000000100000000)
  region size 1024K, 82 young (83968K), 8 survivors (8192K)
 Metaspace       used 28084K, capacity 28701K, committed 28976K, reserved 1075200K
  class space    used 3719K, capacity 3943K, committed 3968K, reserved 1048576K
}
Event: 3.828 GC heap after
{Heap after GC invocations=6 (full 0):
 garbage-first heap   total 227328K, used 20109K [0x0000000080000000, 0x0000000100000000)
  region size 1024K, 6 young (6144K), 6 survivors (6144K)
 Metaspace       used 28084K, capacity 28701K, committed 28976K, reserved 1075200K
  class space    used 3719K, capacity 3943K, committed 3968K, reserved 1048576K
}
Event: 4.440 GC heap before
{Heap before GC invocations=6 (full 0):
 garbage-first heap   total 227328K, used 54925K [0x0000000080000000, 0x0000000100000000)
  region size 1024K, 41 young (41984K), 6 survivors (6144K)
 Metaspace       used 34883K, capacity 35656K, committed 35708K, reserved 1081344K
  class space    used 4538K, capacity 4861K, committed 4864K, reserved 1048576K
}
Event: 4.450 GC heap after
{Heap after GC invocations=7 (full 0):
 garbage-first heap   total 227328K, used 23016K [0x0000000080000000, 0x0000000100000000)
  region size 1024K, 9 young (9216K), 9 survivors (9216K)
 Metaspace       used 34883K, capacity 35656K, committed 35708K, reserved 1081344K
  class space    used 4538K, capacity 4861K, committed 4864K, reserved 1048576K
}
Event: 5.851 GC heap before
{Heap before GC invocations=8 (full 0):
 garbage-first heap   total 227328K, used 141800K [0x0000000080000000, 0x0000000100000000)
  region size 1024K, 122 young (124928K), 9 survivors (9216K)
 Metaspace       used 44540K, capacity 45495K, committed 45692K, reserved 1089536K
  class space    used 5717K, capacity 6058K, committed 6144K, reserved 1048576K
}
Event: 5.864 GC heap after
{Heap after GC invocations=9 (full 0):
 garbage-first heap   total 227328K, used 30156K [0x0000000080000000, 0x0000000100000000)
  region size 1024K, 16 young (16384K), 16 survivors (16384K)
 Metaspace       used 44540K, capacity 45495K, committed 45692K, reserved 1089536K
  class space    used 5717K, capacity 6058K, committed 6144K, reserved 1048576K
}
Event: 8.070 GC heap before
{Heap before GC invocations=9 (full 0):
 garbage-first heap   total 227328K, used 155084K [0x0000000080000000, 0x0000000100000000)
  region size 1024K, 133 young (136192K), 16 survivors (16384K)
 Metaspace       used 52420K, capacity 53729K, committed 54012K, reserved 1095680K
  class space    used 6678K, capacity 7188K, committed 7296K, reserved 1048576K
}
Event: 8.091 GC heap after
{Heap after GC invocations=10 (full 0):
 garbage-first heap   total 227328K, used 46772K [0x0000000080000000, 0x0000000100000000)
  region size 1024K, 17 young (17408K), 17 survivors (17408K)
 Metaspace       used 52420K, capacity 53729K, committed 54012K, reserved 1095680K
  class space    used 6678K, capacity 7188K, committed 7296K, reserved 1048576K
}
Event: 9.276 GC heap before
{Heap before GC invocations=10 (full 0):
 garbage-first heap   total 227328K, used 88756K [0x0000000080000000, 0x0000000100000000)
  region size 1024K, 59 young (60416K), 17 survivors (17408K)
 Metaspace       used 58550K, capacity 59845K, committed 59940K, reserved 1101824K
  class space    used 7406K, capacity 7921K, committed 7936K, reserved 1048576K
}
Event: 9.295 GC heap after
{Heap after GC invocations=11 (full 0):
 garbage-first heap   total 227328K, used 50078K [0x0000000080000000, 0x0000000100000000)
  region size 1024K, 3 young (3072K), 3 survivors (3072K)
 Metaspace       used 58550K, capacity 59845K, committed 59940K, reserved 1101824K
  class space    used 7406K, capacity 7921K, committed 7936K, reserved 1048576K
}

Deoptimization events (20 events):
Event: 9.801 Thread 0x00000186557cf800 DEOPT PACKING pc=0x000001863e08c6a8 sp=0x00000047d57f3790
Event: 9.801 Thread 0x00000186557cf800 DEOPT UNPACKING pc=0x000001863cf06dde sp=0x00000047d57f2c48 mode 0
Event: 9.801 Thread 0x00000186557cf800 DEOPT PACKING pc=0x000001863e08c6a8 sp=0x00000047d57f3790
Event: 9.801 Thread 0x00000186557cf800 DEOPT UNPACKING pc=0x000001863cf06dde sp=0x00000047d57f2c48 mode 0
Event: 9.801 Thread 0x00000186557cf800 DEOPT PACKING pc=0x000001863e08c6a8 sp=0x00000047d57f3790
Event: 9.801 Thread 0x00000186557cf800 DEOPT UNPACKING pc=0x000001863cf06dde sp=0x00000047d57f2c48 mode 0
Event: 9.801 Thread 0x00000186557cf800 DEOPT PACKING pc=0x000001863e08c6a8 sp=0x00000047d57f3790
Event: 9.801 Thread 0x00000186557cf800 DEOPT UNPACKING pc=0x000001863cf06dde sp=0x00000047d57f2c48 mode 0
Event: 9.801 Thread 0x00000186557cf800 DEOPT PACKING pc=0x000001863e08c8dd sp=0x00000047d57f3790
Event: 9.801 Thread 0x00000186557cf800 DEOPT UNPACKING pc=0x000001863cf06dde sp=0x00000047d57f2c48 mode 0
Event: 9.808 Thread 0x00000186557cf800 DEOPT PACKING pc=0x000001863e08c8dd sp=0x00000047d57f3af0
Event: 9.808 Thread 0x00000186557cf800 DEOPT UNPACKING pc=0x000001863cf06dde sp=0x00000047d57f2fa8 mode 0
Event: 9.809 Thread 0x00000186557cf800 DEOPT PACKING pc=0x000001863e08c8dd sp=0x00000047d57f3af0
Event: 9.809 Thread 0x00000186557cf800 DEOPT UNPACKING pc=0x000001863cf06dde sp=0x00000047d57f2fa8 mode 0
Event: 10.138 Thread 0x00000186557cf800 DEOPT PACKING pc=0x000001863da9612f sp=0x00000047d57f5430
Event: 10.138 Thread 0x00000186557cf800 DEOPT UNPACKING pc=0x000001863cf06dde sp=0x00000047d57f48b8 mode 0
Event: 10.203 Thread 0x00000186557cf800 Uncommon trap: trap_request=0xffffff4d fr.pc=0x0000018644b5bd14 relative=0x0000000000000334
Event: 10.203 Thread 0x00000186557cf800 Uncommon trap: reason=unstable_if action=reinterpret pc=0x0000018644b5bd14 method=org.gradle.internal.reflect.PropertyAccessorType.of(Ljava/lang/reflect/Method;)Lorg/gradle/internal/reflect/PropertyAccessorType; @ 56 c2
Event: 10.203 Thread 0x00000186557cf800 DEOPT PACKING pc=0x0000018644b5bd14 sp=0x00000047d57f7360
Event: 10.203 Thread 0x00000186557cf800 DEOPT UNPACKING pc=0x000001863cf0662f sp=0x00000047d57f7320 mode 2

Classes redefined (0 events):
No events

Internal exceptions (20 events):
Event: 7.426 Thread 0x0000018656871000 Exception <a 'java/lang/NoSuchMethodError'{0x0000000088615a38}: <clinit>> (0x0000000088615a38) thrown at [./src/hotspot/share/prims/jni.cpp, line 1362]
Event: 7.429 Thread 0x0000018656871000 Exception <a 'java/lang/NoSuchMethodError'{0x0000000088629138}: <clinit>> (0x0000000088629138) thrown at [./src/hotspot/share/prims/jni.cpp, line 1362]
Event: 7.444 Thread 0x00000186557cf800 Exception <a 'java/lang/ClassNotFoundException'{0x00000000886ca9d8}: build_27ss1h2sdckdi6vpuztgy7lxcBeanInfo> (0x00000000886ca9d8) thrown at [./src/hotspot/share/classfile/systemDictionary.cpp, line 231]
Event: 7.445 Thread 0x00000186557cf800 Exception <a 'java/lang/ClassNotFoundException'{0x00000000886d5990}: build_27ss1h2sdckdi6vpuztgy7lxcCustomizer> (0x00000000886d5990) thrown at [./src/hotspot/share/classfile/systemDictionary.cpp, line 231]
Event: 7.475 Thread 0x00000186557cf800 Exception <a 'java/lang/ClassNotFoundException'{0x000000008845a1c0}: org/gradle/api/internal/plugins/DefaultObjectConfigurationActionBeanInfo> (0x000000008845a1c0) thrown at [./src/hotspot/share/classfile/systemDictionary.cpp, line 231]
Event: 7.477 Thread 0x00000186557cf800 Exception <a 'java/lang/ClassNotFoundException'{0x000000008848f530}: org/gradle/api/internal/plugins/DefaultObjectConfigurationActionCustomizer> (0x000000008848f530) thrown at [./src/hotspot/share/classfile/systemDictionary.cpp, line 231]
Event: 7.736 Thread 0x00000186557cf800 Exception <a 'java/lang/NoSuchMethodError'{0x0000000087adbc90}: 'java.lang.Object java.lang.invoke.DirectMethodHandle$Holder.invokeStatic(java.lang.Object, java.lang.Object, java.lang.Object, java.lang.Object, int)'> (0x0000000087adbc90) thrown at [./src/hotspot/share/interpreter/linkResolver.cpp, line 773]
Event: 7.736 Thread 0x00000186557cf800 Exception <a 'java/lang/NoSuchMethodError'{0x0000000087ae0688}: 'java.lang.Object java.lang.invoke.DirectMethodHandle$Holder.invokeSpecial(java.lang.Object, java.lang.Object, java.lang.Object, java.lang.Object, java.lang.Object, int)'> (0x0000000087ae0688) thrown at [./src/hotspot/share/interpreter/linkResolver.cpp, line 773]
Event: 7.736 Thread 0x00000186557cf800 Exception <a 'java/lang/NoSuchMethodError'{0x0000000087ae4cc8}: 'java.lang.Object java.lang.invoke.Invokers$Holder.linkToTargetMethod(java.lang.Object, java.lang.Object, java.lang.Object, int, java.lang.Object)'> (0x0000000087ae4cc8) thrown at [./src/hotspot/share/interpreter/linkResolver.cpp, line 773]
Event: 8.039 Thread 0x00000186557cf800 Exception <a 'java/lang/NoSuchMethodError'{0x0000000086bffc28}: 'java.lang.Object java.lang.invoke.DirectMethodHandle$Holder.invokeSpecial(java.lang.Object, java.lang.Object, int, int, java.lang.Object, java.lang.Object, java.lang.Object)'> (0x0000000086bffc28) thrown at [./src/hotspot/share/interpreter/linkResolver.cpp, line 773]
Event: 8.039 Thread 0x00000186557cf800 Exception <a 'java/lang/NoSuchMethodError'{0x0000000086a04700}: 'java.lang.Object java.lang.invoke.DelegatingMethodHandle$Holder.reinvoke_L(java.lang.Object, int, int, java.lang.Object, java.lang.Object, java.lang.Object)'> (0x0000000086a04700) thrown at [./src/hotspot/share/interpreter/linkResolver.cpp, line 773]
Event: 8.307 Thread 0x00000186557cf800 Exception <a 'java/lang/NoSuchMethodError'{0x000000008d3837b0}: 'int java.lang.invoke.DirectMethodHandle$Holder.invokeInterface(java.lang.Object, java.lang.Object, java.lang.Object, java.lang.Object)'> (0x000000008d3837b0) thrown at [./src/hotspot/share/interpreter/linkResolver.cpp, line 773]
Event: 8.931 Thread 0x00000186557cf800 Implicit null exception at 0x0000018644ca8a31 to 0x0000018644ca9e9b
Event: 8.956 Thread 0x00000186557cf800 Exception <a 'java/lang/NoSuchMethodError'{0x000000008bc52d68}: 'void java.lang.invoke.DirectMethodHandle$Holder.invokeInterface(java.lang.Object, java.lang.Object, java.lang.Object, java.lang.Object)'> (0x000000008bc52d68) thrown at [./src/hotspot/share/interpreter/linkResolver.cpp, line 773]
Event: 9.360 Thread 0x00000186557cf800 Exception <a 'java/lang/IncompatibleClassChangeError'{0x000000008dd0d828}: Found class java.lang.Object, but interface was expected> (0x000000008dd0d828) thrown at [./src/hotspot/share/interpreter/linkResolver.cpp, line 839]
Event: 9.427 Thread 0x00000186557cf800 Implicit null exception at 0x0000018644cb15d4 to 0x0000018644cb17c8
Event: 9.459 Thread 0x00000186557cf800 Implicit null exception at 0x0000018644cbade0 to 0x0000018644cbdbf8
Event: 9.552 Thread 0x00000186557cf800 Implicit null exception at 0x0000018644adc60b to 0x0000018644adc6e4
Event: 9.597 Thread 0x00000186557cf800 Implicit null exception at 0x0000018644b0a1ac to 0x0000018644b0a35a
Event: 9.896 Thread 0x00000186557cf800 Exception <a 'sun/nio/fs/WindowsException'{0x000000008c6012d0}> (0x000000008c6012d0) thrown at [./src/hotspot/share/prims/jni.cpp, line 615]

Events (20 events):
Event: 10.275 loading class com/android/tools/build/jetifier/core/rule/RewriteRulesMap$Companion
Event: 10.275 loading class com/android/tools/build/jetifier/core/rule/RewriteRulesMap$Companion done
Event: 10.275 loading class com/android/tools/build/jetifier/core/PackageMap$PackageRule
Event: 10.275 loading class com/android/tools/build/jetifier/core/PackageMap$PackageRule done
Event: 10.277 loading class com/android/tools/build/jetifier/core/PackageMap
Event: 10.277 loading class com/android/tools/build/jetifier/core/PackageMap done
Event: 10.278 loading class com/android/tools/build/jetifier/core/PackageMap$Companion
Event: 10.278 loading class com/android/tools/build/jetifier/core/PackageMap$Companion done
Event: 10.278 loading class com/android/tools/build/jetifier/core/pom/PomRewriteRule
Event: 10.278 loading class com/android/tools/build/jetifier/core/pom/PomRewriteRule done
Event: 10.279 loading class com/android/tools/build/jetifier/core/pom/PomRewriteRule$Companion
Event: 10.279 loading class com/android/tools/build/jetifier/core/pom/PomRewriteRule$Companion done
Event: 10.280 loading class com/android/tools/build/jetifier/core/pom/DependencyVersionsMap
Event: 10.280 loading class com/android/tools/build/jetifier/core/pom/DependencyVersionsMap done
Event: 10.281 loading class com/android/tools/build/jetifier/core/pom/DependencyVersionsMap$Companion
Event: 10.281 loading class com/android/tools/build/jetifier/core/pom/DependencyVersionsMap$Companion done
Event: 10.282 loading class kotlin/collections/EmptyMap
Event: 10.282 loading class kotlin/collections/EmptyMap done
Event: 10.282 loading class com/android/tools/build/jetifier/core/type/JavaType
Event: 10.282 loading class com/android/tools/build/jetifier/core/type/JavaType done


Dynamic libraries:
0x00007ff6b7390000 - 0x00007ff6b739a000 	D:\Java-Android\Android\jre\bin\java.exe
0x00007ff8d5f30000 - 0x00007ff8d6127000 	C:\Windows\SYSTEM32\ntdll.dll
0x00007ff8d4020000 - 0x00007ff8d40dd000 	C:\Windows\System32\KERNEL32.DLL
0x00007ff8d3c50000 - 0x00007ff8d3f1d000 	C:\Windows\System32\KERNELBASE.dll
0x00007ff8d37b0000 - 0x00007ff8d38b0000 	C:\Windows\System32\ucrtbase.dll
0x00007ff8cdc70000 - 0x00007ff8cdc87000 	D:\Java-Android\Android\jre\bin\VCRUNTIME140.dll
0x00007ff8cdc90000 - 0x00007ff8cdca9000 	D:\Java-Android\Android\jre\bin\jli.dll
0x00007ff8d5930000 - 0x00007ff8d5ad0000 	C:\Windows\System32\USER32.dll
0x00007ff8d38e0000 - 0x00007ff8d3902000 	C:\Windows\System32\win32u.dll
0x00007ff8c4120000 - 0x00007ff8c43ba000 	C:\Windows\WinSxS\amd64_microsoft.windows.common-controls_6595b64144ccf1df_6.0.19041.1110_none_60b5254171f9507e\COMCTL32.dll
0x00007ff8d57e0000 - 0x00007ff8d580a000 	C:\Windows\System32\GDI32.dll
0x00007ff8d5b60000 - 0x00007ff8d5bfe000 	C:\Windows\System32\msvcrt.dll
0x00007ff8d36a0000 - 0x00007ff8d37ab000 	C:\Windows\System32\gdi32full.dll
0x00007ff8d39a0000 - 0x00007ff8d3a3d000 	C:\Windows\System32\msvcp_win.dll
0x00007ff8d5ad0000 - 0x00007ff8d5b00000 	C:\Windows\System32\IMM32.DLL
0x00007ff8c0d10000 - 0x00007ff8c0dad000 	D:\Java-Android\Android\jre\bin\msvcp140.dll
0x00007ff8b8000000 - 0x00007ff8b8ad5000 	D:\Java-Android\Android\jre\bin\server\jvm.dll
0x00007ff8d5730000 - 0x00007ff8d57de000 	C:\Windows\System32\ADVAPI32.dll
0x00007ff8d5830000 - 0x00007ff8d58cc000 	C:\Windows\System32\sechost.dll
0x00007ff8d55f0000 - 0x00007ff8d5715000 	C:\Windows\System32\RPCRT4.dll
0x00007ff8d48a0000 - 0x00007ff8d48a8000 	C:\Windows\System32\PSAPI.DLL
0x00007ff8cefe0000 - 0x00007ff8cefe9000 	C:\Windows\SYSTEM32\WSOCK32.dll
0x00007ff8cb6e0000 - 0x00007ff8cb6ea000 	C:\Windows\SYSTEM32\VERSION.dll
0x00007ff8d40e0000 - 0x00007ff8d414b000 	C:\Windows\System32\WS2_32.dll
0x00007ff8cb6b0000 - 0x00007ff8cb6d7000 	C:\Windows\SYSTEM32\WINMM.dll
0x00007ff8d14f0000 - 0x00007ff8d1502000 	C:\Windows\SYSTEM32\kernel.appcore.dll
0x00007ff8ba080000 - 0x00007ff8ba091000 	D:\Java-Android\Android\jre\bin\verify.dll
0x00007ff8c49e0000 - 0x00007ff8c4bc4000 	C:\Windows\SYSTEM32\DBGHELP.DLL
0x00007ff8c48f0000 - 0x00007ff8c491c000 	C:\Windows\SYSTEM32\dbgcore.DLL
0x00007ff8d3910000 - 0x00007ff8d3992000 	C:\Windows\System32\bcryptPrimitives.dll
0x00007ff8b9000000 - 0x00007ff8b9029000 	D:\Java-Android\Android\jre\bin\java.dll
0x00007ff8cdcc0000 - 0x00007ff8cdccb000 	D:\Java-Android\Android\jre\bin\jimage.dll
0x00007ff8b8fe0000 - 0x00007ff8b8ff8000 	D:\Java-Android\Android\jre\bin\zip.dll
0x00007ff8d4150000 - 0x00007ff8d4894000 	C:\Windows\System32\SHELL32.dll
0x00007ff8d1710000 - 0x00007ff8d1ea4000 	C:\Windows\SYSTEM32\windows.storage.dll
0x00007ff8d5290000 - 0x00007ff8d55e4000 	C:\Windows\System32\combase.dll
0x00007ff8d2f00000 - 0x00007ff8d2f2c000 	C:\Windows\SYSTEM32\Wldp.dll
0x00007ff8d4b10000 - 0x00007ff8d4bbd000 	C:\Windows\System32\SHCORE.dll
0x00007ff8d5e10000 - 0x00007ff8d5e65000 	C:\Windows\System32\shlwapi.dll
0x00007ff8d3590000 - 0x00007ff8d35af000 	C:\Windows\SYSTEM32\profapi.dll
0x00007ff8b7fe0000 - 0x00007ff8b7ffa000 	D:\Java-Android\Android\jre\bin\net.dll
0x00007ff8ce5e0000 - 0x00007ff8ce6ea000 	C:\Windows\SYSTEM32\WINHTTP.dll
0x00007ff8d2ce0000 - 0x00007ff8d2d4a000 	C:\Windows\system32\mswsock.dll
0x00007ff8b7fc0000 - 0x00007ff8b7fd4000 	D:\Java-Android\Android\jre\bin\nio.dll
0x00007ff8ca3e0000 - 0x00007ff8ca407000 	C:\Users\0804s\.gradle\native\e1d6ef7f7dcc3fd88c89a11ec53ec762bb8ba0a96d01ffa2cd45eb1d1d8dd5c5\windows-amd64\native-platform.dll
0x00007ff8a9dc0000 - 0x00007ff8a9f04000 	C:\Users\0804s\.gradle\native\5664cfc778a61ccfe75a443a1ab52a65af34e5dc3c78e0209fed803814484fcb\windows-amd64\native-platform-file-events.dll
0x00007ff8ca7e0000 - 0x00007ff8ca7ea000 	D:\Java-Android\Android\jre\bin\management.dll
0x00007ff8ca430000 - 0x00007ff8ca43d000 	D:\Java-Android\Android\jre\bin\management_ext.dll
0x00007ff8d2fa0000 - 0x00007ff8d2fb8000 	C:\Windows\SYSTEM32\CRYPTSP.dll
0x00007ff8d2680000 - 0x00007ff8d26b4000 	C:\Windows\system32\rsaenh.dll
0x00007ff8d38b0000 - 0x00007ff8d38d7000 	C:\Windows\System32\bcrypt.dll
0x00007ff8d3510000 - 0x00007ff8d353e000 	C:\Windows\SYSTEM32\USERENV.dll
0x00007ff8d2e70000 - 0x00007ff8d2e7c000 	C:\Windows\SYSTEM32\CRYPTBASE.dll
0x00007ff8d29f0000 - 0x00007ff8d2a2b000 	C:\Windows\SYSTEM32\IPHLPAPI.DLL
0x00007ff8d5100000 - 0x00007ff8d5108000 	C:\Windows\System32\NSI.dll
0x00007ff8c9dd0000 - 0x00007ff8c9de7000 	C:\Windows\SYSTEM32\dhcpcsvc6.DLL
0x00007ff8c95f0000 - 0x00007ff8c960d000 	C:\Windows\SYSTEM32\dhcpcsvc.DLL
0x00007ff8d2a30000 - 0x00007ff8d2afb000 	C:\Windows\SYSTEM32\DNSAPI.dll

dbghelp: loaded successfully - version: 4.0.5 - missing functions: none
symbol engine: initialized successfully - sym options: 0x614 - pdb path: .;D:\Java-Android\Android\jre\bin;C:\Windows\SYSTEM32;C:\Windows\WinSxS\amd64_microsoft.windows.common-controls_6595b64144ccf1df_6.0.19041.1110_none_60b5254171f9507e;D:\Java-Android\Android\jre\bin\server;C:\Users\0804s\.gradle\native\e1d6ef7f7dcc3fd88c89a11ec53ec762bb8ba0a96d01ffa2cd45eb1d1d8dd5c5\windows-amd64;C:\Users\0804s\.gradle\native\5664cfc778a61ccfe75a443a1ab52a65af34e5dc3c78e0209fed803814484fcb\windows-amd64

VM Arguments:
jvm_args: --add-opens=java.base/java.util=ALL-UNNAMED --add-opens=java.base/java.lang=ALL-UNNAMED --add-opens=java.base/java.lang.invoke=ALL-UNNAMED --add-opens=java.base/java.util=ALL-UNNAMED --add-opens=java.prefs/java.util.prefs=ALL-UNNAMED --add-opens=java.prefs/java.util.prefs=ALL-UNNAMED --add-opens=java.base/java.nio.charset=ALL-UNNAMED --add-opens=java.base/java.net=ALL-UNNAMED --add-opens=java.base/java.util.concurrent.atomic=ALL-UNNAMED -Xmx2048m -Dfile.encoding=UTF-8 -Duser.country=RU -Duser.language=ru -Duser.variant 
java_command: org.gradle.launcher.daemon.bootstrap.GradleDaemon 7.2
java_class_path (initial): C:\Users\0804s\.gradle\wrapper\dists\gradle-7.2-bin\2dnblmf4td7x66yl1d74lt32g\gradle-7.2\lib\gradle-launcher-7.2.jar
Launcher Type: SUN_STANDARD

[Global flags]
     intx CICompilerCount                          = 3                                         {product} {ergonomic}
     uint ConcGCThreads                            = 2                                         {product} {ergonomic}
     uint G1ConcRefinementThreads                  = 6                                         {product} {ergonomic}
   size_t G1HeapRegionSize                         = 1048576                                   {product} {ergonomic}
    uintx GCDrainStackTargetSize                   = 64                                        {product} {ergonomic}
   size_t InitialHeapSize                          = 232783872                                 {product} {ergonomic}
   size_t MarkStackSize                            = 4194304                                   {product} {ergonomic}
   size_t MaxHeapSize                              = 2147483648                                {product} {command line}
   size_t MaxNewSize                               = 1287651328                                {product} {ergonomic}
   size_t MinHeapDeltaBytes                        = 1048576                                   {product} {ergonomic}
    uintx NonNMethodCodeHeapSize                   = 5830732                                {pd product} {ergonomic}
    uintx NonProfiledCodeHeapSize                  = 122913754                              {pd product} {ergonomic}
    uintx ProfiledCodeHeapSize                     = 122913754                              {pd product} {ergonomic}
    uintx ReservedCodeCacheSize                    = 251658240                              {pd product} {ergonomic}
     bool SegmentedCodeCache                       = true                                      {product} {ergonomic}
     bool UseCompressedClassPointers               = true                                 {lp64_product} {ergonomic}
     bool UseCompressedOops                        = true                                 {lp64_product} {ergonomic}
     bool UseG1GC                                  = true                                      {product} {ergonomic}
     bool UseLargePagesIndividualAllocation        = false                                  {pd product} {ergonomic}

Logging:
Log output configuration:
 #0: stdout all=warning uptime,level,tags
 #1: stderr all=off uptime,level,tags

Environment Variables:
PATH=C:\Python310\Scripts\;C:\Python310\;C:\ProgramData\Oracle\Java\javapath;C:\Program Files\Common Files\Oracle\Java\javapath;C:\Windows\system32;C:\Windows;C:\Windows\System32\Wbem;C:\Windows\System32\WindowsPowerShell\v1.0\;C:\Windows\System32\OpenSSH\;C:\Program Files\Git\cmd;C:\Program Files (x86)\Microsoft SQL Server\150\DTS\Binn\;C:\Program Files\Azure Data Studio\bin;C:\Windows\System32;C:\Program Files (x86)\dotnet\;C:\ProgramData\chocolatey\bin;D:\Programm\Node\;C:\Program Files\Docker\Docker\resources\bin;C:\ProgramData\DockerDesktop\version-bin;D:\Programm\PHP\PhpStorm 2022.1.1\bin;C:\Users\0804s\AppData\Roaming\npm;D:\Programm\WebStorm 2022.1.1\bin
USERNAME=0804s
OS=Windows_NT
PROCESSOR_IDENTIFIER=AMD64 Family 23 Model 96 Stepping 1, AuthenticAMD



---------------  S Y S T E M  ---------------

OS: Windows 10 , 64 bit Build 19041 (10.0.19041.1741)
OS uptime: 0 days 7:01 hours
Hyper-V role detected

CPU:total 6 (initial active 6) (6 cores per cpu, 1 threads per core) family 23 model 96 stepping 1 microcode 0x0, cmov, cx8, fxsr, mmx, sse, sse2, sse3, ssse3, sse4.1, sse4.2, popcnt, avx, avx2, aes, clmul, mmxext, 3dnowpref, lzcnt, sse4a, tsc, tscinvbit, tscinv, bmi1, bmi2, adx, sha, 

Memory: 4k page, system-wide physical 14205M (1111M free)
TotalPageFile size 32315M (AvailPageFile size 51M)
current process WorkingSet (physical memory assigned to process): 396M, peak: 401M
current process commit charge ("private bytes"): 458M, peak: 463M

vm_info: OpenJDK 64-Bit Server VM (11.0.11+9-b60-7590822) for windows-amd64 JRE (11.0.11+9-b60-7590822), built on Jul 29 2021 21:43:44 by "builder" with MS VC++ 14.0 (VS2015)

END.
